# callgrind format
version: 1
creator: callgrind-3.20.0
pid: 41021
cmd:  /home/jeff/Rusty/target/release/mol_dy
part: 1


desc: I1 cache: 
desc: D1 cache: 
desc: LL cache: 

desc: Timerange: Basic block 0 - 121165522794
desc: Trigger: Program termination

positions: line
events: Ir
summary: 620444125931


ob=(4) ???
fl=(4) ???
fn=(354) 0x000000000485e6e0
0 38
cob=(1) /nix/store/yaz7pyf0ah88g2v505l38n0f3wg2vzdj-glibc-2.37-8/lib/ld-linux-x86-64.so.2
cfi=(1) ???
cfn=(16) __tunable_get_val
calls=19 0 
0 391

fn=(484) 0x000000000485e3d0
0 6
cob=(2) /nix/store/yaz7pyf0ah88g2v505l38n0f3wg2vzdj-glibc-2.37-8/lib/libc.so.6
cfi=(2) ???
cfn=(486) malloc
calls=3 0 
0 2106

fn=(586) 0x000000000485e3c0
0 12
cob=(2)
cfi=(2)
cfn=(588) free
calls=6 0 
0 534

fn=(558) 0x000000000485e6a0
0 164
cob=(2)
cfi=(2)
cfn=(560) __memcpy_avx_unaligned_erms
calls=82 0 
0 52862

fn=(618) 0x000000000485e440
0 4
cob=(2)
cfi=(2)
cfn=(620) calloc
calls=2 0 
0 432

fn=(390) 0x0000000004b06000
0 7

fn=(524) 0x000000000485e680
0 2
cob=(2)
cfi=(2)
cfn=(526) __strchr_avx2
calls=1 0 
0 21

fn=(384) 0x000000000485e670
0 2
cob=(2)
cfi=(2)
cfn=(386) __strrchr_avx2
calls=1 0 
0 47

fn=(554) 0x000000000485e470
0 106
cob=(2)
cfi=(2)
cfn=(556) __memchr_avx2
calls=53 0 
0 2432

fn=(610) 0x000000000485e700
0 4
cob=(2)
cfi=(2)
cfn=(612) __memset_avx2_unaligned_erms
calls=2 0 
0 37

fn=(370) 0x0000000004838000
0 7

fn=(408) 0x0000000004a30000
0 7

fn=(430) 0x000000000010d000
0 7

fn=(442) 0x000000000485e770
0 2
cob=(1)
cfi=(1)
cfn=(444) _dl_audit_preinit
calls=1 0 
0 5

fn=(646) 0x000000000485e4c0
0 2
cob=(1)
cfi=(1)
cfn=(648) _dl_find_dso_for_object
calls=1 0 
0 30

fn=(566) 0x000000000485e3f0
0 96
cob=(2)
cfi=(2)
cfn=(568) __rawmemchr_avx2
calls=48 0 
0 2003

fn=(578) 0x000000000485e400
0 6
cob=(2)
cfi=(2)
cfn=(580) realloc
calls=3 0 
0 771

ob=(3) /nix/store/yaz7pyf0ah88g2v505l38n0f3wg2vzdj-glibc-2.37-8/lib/libm.so.6
fl=(3) ???
fn=(294) logf@@GLIBC_2.27
0 9

fn=(320) sincos
0 8

fn=(290) expf@@GLIBC_2.27
0 9

fn=(302) log2f@@GLIBC_2.27
0 9

fn=(286) cosf
0 9

fn=(314) exp2f@@GLIBC_2.27
0 9

fn=(322) floor
0 7

fn=(662) frexp
0 58229208

fn=(666) __scalbn
0 60655425

fn=(288) __exp_finite@GLIBC_2.15
0 9

fn=(300) __pow_finite@GLIBC_2.15
0 8

fn=(308) sinf
0 9

fn=(670) __floor_sse41
0 261186645

fn=(882) round
0 229826341347

fn=(310) fma
0 6

fn=(312) __asin_finite@GLIBC_2.15
0 8

fn=(296) sincosf
0 9

fn=(306) __acos_finite@GLIBC_2.15
0 8

fn=(318) sin
0 9

fn=(412) 0x000000000000e480
0 12

fn=(664) ldexp
0 31540821
cfn=(666)
calls=2426217 0 
0 60655425
0 29114604

fn=(292) cos
0 9

fn=(298) powf@@GLIBC_2.27
0 9

fn=(304) __log_finite@GLIBC_2.15
0 9

fn=(660) cbrt
0 29114604
cfn=(662)
calls=2426217 0 
0 58229208
0 106753548
cfn=(664)
calls=2426217 0 
0 121310850
0 12131085

fn=(316) __atan2_finite@GLIBC_2.15
0 9

ob=(5) /nix/store/ynr198i5gi45hd16hzcxp5nn6dhfmvrm-valgrind-3.20.0/libexec/valgrind/vgpreload_core-amd64-linux.so
fl=(5) ???
fn=(374) 0x0000000000001100
0 12

ob=(7) /home/jeff/Rusty/target/release/mol_dy
fl=(29) /rustc/84c898d65adf2f39a5a98507f1fe0ce10a2b8dbc/library/core/src/fmt/float.rs
fn=(698) core::fmt::float::<impl core::fmt::Display for f64>::fmt
204 84684003
+1 84684003
fi=(27) /rustc/84c898d65adf2f39a5a98507f1fe0ce10a2b8dbc/library/core/src/fmt/mod.rs
1866 84684003
fe=(29)
87 169368006
fi=(27)
1866 84684000
fe=(29)
87 84684000
+1 169368000
cfn=(840) core::fmt::float::float_to_decimal_common_exact
calls=84684000 -59 
* 59878886361
fi=(27)
1866 3
fe=(29)
91 9
cfn=(702) core::fmt::float::float_to_decimal_common_shortest
calls=3 -37 
* 2403

fn=(702)
54 24
fi=(30) /rustc/84c898d65adf2f39a5a98507f1fe0ce10a2b8dbc/library/core/src/num/f64.rs
1035 3
fi=(70) /rustc/84c898d65adf2f39a5a98507f1fe0ce10a2b8dbc/library/core/src/num/dec2flt/float.rs
193 9
+1 24
fi=(30)
427 3
575 3
0 9
601 48
fi=(31) /rustc/84c898d65adf2f39a5a98507f1fe0ce10a2b8dbc/library/core/src/num/flt2dec/decoder.rs
65 15
+12 30
-77 6
fi=(32) /rustc/84c898d65adf2f39a5a98507f1fe0ce10a2b8dbc/library/core/src/num/flt2dec/mod.rs
364 15
-53 12
+3 6
+50 3
-50 9
+52 30
0 9
fi=(33) /rustc/84c898d65adf2f39a5a98507f1fe0ce10a2b8dbc/library/core/src/num/flt2dec/strategy/grisu.rs
462 3
cfn=(710) core::num::flt2dec::strategy::grisu::format_shortest_opt
calls=3 165 
* 1251
* 6
+1 15
fi=(32)
-66 6
+1 12
cfn=(720) core::num::flt2dec::digits_to_dec_str
calls=3 182 
* 73
0 15
fe=(29)
74 6
cfi=(27)
cfn=(722) core::fmt::Formatter::pad_formatted_parts
calls=3 1554 
* 740
+1 18

fn=(840)
29 846840000
fi=(30)
1035 84684000
fi=(70)
193 254052000
+1 677472000
fi=(30)
427 84684000
575 84684000
0 254052000
601 1354944000
fi=(31)
65 423420000
-65 25200
fi=(32)
311 50400
fi=(31)
77 846588000
-77 169317600
fi=(32)
311 169317600
+3 169368000
605 84684000
314 254052000
607 846840000
0 25200
619 50400
+2 75600
+1 75600
0 50400
496 507952800
639 169317600
0 169317600
644 507952800
fi=(33)
476 169317600
fi=(32)
0 169317600
fi=(35) /rustc/84c898d65adf2f39a5a98507f1fe0ce10a2b8dbc/library/core/src/num/diy_float.rs
44 761929200
+4 677270400
+4 677270400
+4 677270400
+4 592611600
+4 423294000
fi=(33)
482 84658800
124 846588000
fi=(35)
-60 253976400
fi=(33)
+61 253976400
fi=(35)
-98 84658800
-1 84658800
+3 84658800
-1 84658800
+2 169317600
+1 84658800
+1 84658800
+1 84658800
+1 507952800
+1 592611600
+1 253976400
fi=(33)
487 423294000
125 169317600
488 169317600
145 423294000
+1 2725392
+1 61467
+5 166592208
+1 666321328
-4 10831320
+5 17814
+1 1106
+2 34680
0 11560
508 23120
+5 23120
0 169306040
508 338612080
+5 338612080
0 253976379
527 677270344
fi=(32)
0 84658793
fi=(33)
547 592611551
+3 169317586
+4 169317586
-7 1225396611
+3 816931074
+4 816931074
0 493118399
564 986236798
+8 1225396611
-25 1633862148
0 7
525 119
cfn=(856) core::num::flt2dec::strategy::grisu::format_exact_opt::possibly_round
calls=7 632 
* 387
* 14
+30 23724
+3 77103
cfn=(856)
calls=5931 +74 
* 331456
* 11862
0 5931
756 23724
0 7
756 28
+1 169317600
fi=(32)
646 169317600
0 84658797
669 338635188
cfn=(720)
calls=84658797 182 
* 2451287610
* 84658797
fi=(33)
-80 253958586
+1 761875758
0 84652862
604 169305724
-8 253958586
+6 169305724
-5 169305724
+4 169305724
+3 169305724
+1 84652862
+3 169305724
+2 931181482
cfn=(856)
calls=84652862 +22 
* 4744332598
* 84652862
756 338611448
fi=(32)
0 3
651 6
+2 9
+1 12
0 24
fe=(29)
48 6
cfi=(27)
cfn=(722)
calls=3 1554 
* 525
fi=(32)
-48 592611579
fe=(29)
48 169317594
cfi=(27)
cfn=(722)
calls=84658797 1554 
* 18895570322
fi=(32)
-48 126000
fe=(29)
48 50400
cfi=(27)
cfn=(722)
calls=25200 1554 
* 4411470
+1 677472000

fl=(41) /rustc/84c898d65adf2f39a5a98507f1fe0ce10a2b8dbc/library/std/src/io/buffered/bufwriter.rs
fn=(746) std::io::buffered::bufwriter::BufWriter<W>::flush_buf
125 1573376
+26 196672
+13 98336
-13 196672
+13 98336
0 98336
fi=(46) /rustc/84c898d65adf2f39a5a98507f1fe0ce10a2b8dbc/library/core/src/ptr/const_ptr.rs
465 98336
fi=(49) /rustc/84c898d65adf2f39a5a98507f1fe0ce10a2b8dbc/library/core/src/cmp.rs
0 393344
fi=(71) /rustc/84c898d65adf2f39a5a98507f1fe0ce10a2b8dbc/library/std/src/sys/unix/fd.rs
247 196672
cob=(2)
cfi=(2)
cfn=(748) write
calls=98336 0 
* 786688
fi=(43) /rustc/84c898d65adf2f39a5a98507f1fe0ce10a2b8dbc/library/std/src/sys/unix/mod.rs
+38 98336
+8 98336
fe=(41)
0 98336
167 98336
+2 196672
-23 98336
0 98336
157 196672
fi=(36) /rustc/84c898d65adf2f39a5a98507f1fe0ce10a2b8dbc/library/core/src/slice/index.rs
720 196672
0 98336
fi=(40) /rustc/84c898d65adf2f39a5a98507f1fe0ce10a2b8dbc/library/alloc/src/vec/mod.rs
1377 98336
fi=(44) /rustc/84c898d65adf2f39a5a98507f1fe0ce10a2b8dbc/library/alloc/src/vec/drain.rs
183 196672
0 196672
fe=(41)
182 885024
-57 126
fi=(40)
2062 18
fe=(41)
151 18
+13 18
0 90
165 36
fi=(36)
494 36
fe=(41)
141 36
fi=(46)
465 36
fi=(49)
0 36
fi=(71)
247 54
cob=(2)
cfi=(2)
cfn=(748)
calls=18 0 
* 144
fi=(43)
+38 18
+8 18
fe=(41)
167 18
+2 36
-23 36
+5 18
+13 18
fi=(36)
720 18
fi=(40)
1377 18
fi=(44)
183 36
0 36
fe=(41)
182 144

fn=(866) std::io::buffered::bufwriter::BufWriter<W>::write_all_cold
392 1430610
fi=(11) /rustc/84c898d65adf2f39a5a98507f1fe0ce10a2b8dbc/library/alloc/src/raw_vec.rs
232 143061
fe=(41)
442 286122
-44 286122
+1 196672
cfn=(746)
calls=98336 125 
* 6391840
fi=(48) /rustc/84c898d65adf2f39a5a98507f1fe0ce10a2b8dbc/library/core/src/result.rs
2049 98336
fe=(41)
399 98336
fi=(11)
232 98336
fe=(41)
404 286122
fi=(40)
2062 143061
0 143061
fi=(60) /rustc/84c898d65adf2f39a5a98507f1fe0ce10a2b8dbc/library/core/src/ptr/mut_ptr.rs
479 143061
fi=(13) /rustc/84c898d65adf2f39a5a98507f1fe0ce10a2b8dbc/library/core/src/intrinsics.rs
2374 429183
cob=(2)
cfi=(2)
cfn=(560)
calls=143061 0 
* 2301932
fe=(41)
437 143061
fi=(40)
1377 429183
fe=(41)
425 1144488

fl=(53) /rustc/84c898d65adf2f39a5a98507f1fe0ce10a2b8dbc/library/stdarch/crates/std_detect/src/detect/cache.rs
fn=(798) std_detect::detect::cache::detect_and_initialize
168 7
fi=(55) /rustc/84c898d65adf2f39a5a98507f1fe0ce10a2b8dbc/library/core/src/../../stdarch/crates/core_arch/src/x86/cpuid.rs
-91 6
fi=(54) /rustc/84c898d65adf2f39a5a98507f1fe0ce10a2b8dbc/library/stdarch/crates/std_detect/src/detect/os/x86.rs
-16 2
-61 3
fi=(55)
77 7
fi=(54)
-1 2
fi=(55)
+1 5
fi=(54)
-1 2
-76 2
fi=(55)
77 5
fi=(54)
+16 6
fi=(55)
-16 5
fi=(54)
+16 1
+10 38
fi=(72) /rustc/84c898d65adf2f39a5a98507f1fe0ce10a2b8dbc/library/stdarch/crates/std_detect/src/detect/bit.rs
-95 2
fi=(54)
+95 32
+30 3
+26 1
cfi=(56) /rustc/84c898d65adf2f39a5a98507f1fe0ce10a2b8dbc/library/core/src/../../stdarch/crates/core_arch/src/x86/xsave.rs
cfn=(804) core::core_arch::x86::xsave::_xgetbv
calls=1 -69 
* 5
* 1
+8 3
0 1
103 4
+80 2
fi=(55)
77 5
fi=(54)
+26 13
0 1
103 11
+60 4
+39 1
-99 4
fi=(73) /rustc/84c898d65adf2f39a5a98507f1fe0ce10a2b8dbc/library/core/src/array/equality.rs
-92 5
fi=(54)
245 5
0 1
245 5
0 1
fi=(73)
151 4
fi=(54)
267 2
fi=(73)
151 1
fi=(54)
267 1
0 1
fe=(53)
119 1
fi=(24) /rustc/84c898d65adf2f39a5a98507f1fe0ce10a2b8dbc/library/core/src/sync/atomic.rs
3145 1
fe=(53)
170 9

fl=(17) /rustc/84c898d65adf2f39a5a98507f1fe0ce10a2b8dbc/library/std/src/sys_common/backtrace.rs
fn=(654) std::sys_common::backtrace::__rust_begin_short_backtrace
130 1
fi=(74) /rustc/84c898d65adf2f39a5a98507f1fe0ce10a2b8dbc/library/core/src/ops/function.rs
250 1
cfi=(18) /home/jeff/Rusty/src/main.rs
cfn=(656) mol_dy::main
calls=1 33 
* 620443694045
fe=(17)

fl=(33)
fn=(856)
632 1015905600
+25 253976400
+16 169317600
0 338635200
698 592602102
fi=(36)
408 84655634
fe=(33)
720 296316881
fi=(36)
419 84661966
0 126992949
fi=(28) /rustc/84c898d65adf2f39a5a98507f1fe0ce10a2b8dbc/library/core/src/slice/iter/macros.rs
351 94071400
-43 94071304
fi=(32)
150 94071304
fi=(28)
308 47035652
fi=(32)
153 42330935
fi=(49)
1383 169323740
fi=(51) /rustc/84c898d65adf2f39a5a98507f1fe0ce10a2b8dbc/library/core/src/iter/range.rs
620 50799199
fi=(32)
155 12702396
cob=(2)
cfi=(2)
cfn=(612)
calls=4234132 0 
* 72390963
* 4234132
fe=(33)
741 677270400
fi=(32)
159 96
+2 88
fi=(49)
1383 44
fi=(51)
620 124
fi=(32)
163 80
cob=(2)
cfi=(2)
cfn=(612)
calls=40 0 
* 666
* 80
0 4
fe=(33)
728 4
+1 8
-1 44
+1 184
+1 48
+1 48
fi=(36)
408 84661966
fe=(33)
0 338635200

fn=(710)
165 21
+4 9
+1 9
+1 9
fi=(34) /rustc/84c898d65adf2f39a5a98507f1fe0ce10a2b8dbc/library/core/src/num/uint_macros.rs
1506 3
fe=(33)
172 3
fi=(34)
1605 6
fe=(33)
173 3
+2 9
fi=(35)
44 27
+4 24
+4 24
+4 24
+4 21
+4 21
fe=(33)
179 6
fi=(35)
76 9
+2 24
+1 3
fe=(33)
180 6
fi=(35)
78 15
-78 3
fe=(33)
196 3
-72 30
+1 9
0 6
fi=(35)
79 3
fe=(33)
+46 15
fi=(35)
-99 12
+1 3
+2 3
-1 6
+3 6
+1 6
+1 3
+1 15
+2 3
-10 6
+1 3
+3 9
+1 6
+1 3
+1 3
+1 15
-8 6
+1 3
+4 6
+1 6
+1 3
+1 15
-4 6
+4 3
+1 9
+1 3
-2 3
+1 15
-5 3
+4 3
+1 21
fe=(33)
224 6
+9 15
+1 3
fi=(35)
35 9
fe=(33)
234 3
-89 21
+7 6
+1 14
+1 2
+1 7
0 21
241 15
fi=(35)
35 6
fe=(33)
227 6
+24 6
+2 15
+13 9
+3 3
-3 3
+6 12
-3 3
+3 3
+1 9
-7 18
+3 6
-3 6
+6 24
-3 6
+3 6
+1 18
+17 14
+6 18
-26 6
-4 18
+9 6
fi=(36)
419 6
0 2
fe=(33)
282 2
+91 2
+1 2
+46 10
320 27
0 11
311 22
+7 22
-5 22
-1 33
+5 22
+3 22
+1 11
+2 33
+8 2
+42 2
+47 3
0 1
420 10
+2 2
-2 1
0 1
420 2
+15 10
+12 22
0 2
435 5
+2 2
-2 3
+12 15
+2 24

fl=(32)
fn=(720)
182 84658800
fi=(75) /rustc/84c898d65adf2f39a5a98507f1fe0ce10a2b8dbc/library/core/src/slice/mod.rs
-29 84658800
fe=(32)
+35 84658800
+1 169317600
+16 169317600
0 83290179
221 83290179
0 166580358
221 166580358
+2 83290177
+1 333160708
fi=(46)
465 83290177
fi=(36)
-79 83290177
fe=(32)
225 333160708
+1 166580354
-19 4105863
+1 5474484
+1 2737242
+1 4105863
+1 5762844
+25 2
+1 4
+1 4
+11 253976394
0 2
249 6

fl=(13)
fn=(808) rand_chacha::guts::init_chacha::impl_avx
2374 1
fi=(61) /home/jeff/.cargo/registry/src/github.com-1ecc6299db9ec823/rand_chacha-0.3.1/src/guts.rs
248 3
fi=(57) /home/jeff/.cargo/registry/src/github.com-1ecc6299db9ec823/ppv-lite86-0.2.17/src/x86_64/mod.rs
+92 2
fe=(13)

fl=(16) /rustc/84c898d65adf2f39a5a98507f1fe0ce10a2b8dbc/library/std/src/sys/unix/thread_local_dtor.rs
fn=(640) std::sys::unix::thread_local_dtor::register_dtor
15 1
+10 2
+6 6
cob=(2)
cfi=(2)
cfn=(642) __cxa_thread_atexit_impl
calls=1 -31 
* 366

fl=(57)
fn=(820) rand_chacha::guts::refill_wide
250 1875
fi=(24)
3160 375
fi=(53)
107 750
0 375
fe=(57)
282 375
+1 2250
cfn=(824) rand_chacha::guts::refill_wide::impl_avx2
calls=375 -28 
* 219750

fn=(824)
255 375
fi=(61)
129 375
-51 750
fi=(34)
1189 375
fi=(76) /rustc/84c898d65adf2f39a5a98507f1fe0ce10a2b8dbc/library/core/src/../../stdarch/crates/core_arch/src/x86/sse41.rs
272 375
fi=(61)
123 375
fi=(76)
272 375
fi=(34)
1189 375
fi=(76)
272 375
fi=(61)
125 375
fi=(76)
272 375
fi=(34)
1189 375
fi=(76)
272 375
fi=(61)
127 375
fi=(76)
272 375
fi=(77) /rustc/84c898d65adf2f39a5a98507f1fe0ce10a2b8dbc/library/core/src/../../stdarch/crates/core_arch/src/macros.rs
140 375
fi=(61)
-10 375
fi=(77)
+10 375
0 375
140 750
0 375
140 1125
0 2250
fi=(62) /rustc/84c898d65adf2f39a5a98507f1fe0ce10a2b8dbc/library/core/src/../../stdarch/crates/core_arch/src/x86/avx2.rs
81 750
3531 750
2341 1500
81 750
fi=(78) /rustc/84c898d65adf2f39a5a98507f1fe0ce10a2b8dbc/library/core/src/../../stdarch/crates/core_arch/src/x86/mod.rs
459 375
fi=(62)
2155 1125
fi=(78)
459 375
fi=(62)
2155 1125
81 750
2341 2250
81 4500
3531 3750
2341 7500
81 3750
fi=(78)
459 1875
fi=(62)
2155 5625
fi=(78)
459 1875
fi=(62)
2155 5625
81 3750
2341 11250
81 3750
3531 3750
2155 11250
2381 3750
fi=(78)
459 1875
fi=(62)
81 1875
fi=(78)
459 1875
fi=(62)
81 1875
2341 15000
81 3750
fi=(78)
459 1875
fi=(62)
2155 5625
fi=(78)
459 1875
fi=(62)
2155 5625
3531 750
2155 2250
2381 750
fi=(78)
459 375
fi=(62)
81 375
fi=(78)
459 375
fi=(62)
81 375
2341 3000
81 750
fi=(78)
459 375
fi=(62)
2155 1125
fi=(78)
459 375
fi=(62)
2155 1125
81 750
fi=(78)
429 375
fi=(62)
2341 375
fi=(78)
429 375
fi=(62)
2341 375
81 750
3531 750
2155 2250
fi=(61)
64 750
+1 750
fi=(62)
2381 750
fi=(49)
1383 375
fi=(51)
620 375
fi=(62)
81 3750
fi=(78)
429 1875
fi=(62)
2341 1875
fi=(78)
429 1875
fi=(62)
2341 1875
81 3750
3531 3750
2155 11250
fi=(61)
64 3750
+1 3750
fi=(62)
2381 3750
fi=(49)
1383 1875
fi=(51)
620 1875
fi=(34)
1189 375
fi=(61)
150 750
fi=(76)
272 750
fi=(62)
893 375
fi=(61)
161 375
fi=(79) /rustc/84c898d65adf2f39a5a98507f1fe0ce10a2b8dbc/library/core/src/../../stdarch/crates/core_arch/src/x86/sse2.rs
-59 750
1253 375
fi=(62)
893 375
fi=(79)
102 375
1253 375
fi=(62)
893 375
fi=(79)
102 375
1253 375
fi=(62)
893 375
fi=(79)
102 375
1253 375
102 375
1253 375
102 375
1253 375
102 375
1253 375
102 375
1253 375
102 375
1253 375
102 375
1253 375
102 375
1253 375
102 375
1253 375
fi=(62)
893 1500
fi=(79)
102 375
1253 375
102 375
1253 375
102 375
1253 375
102 375
1253 375
fi=(80) /rustc/84c898d65adf2f39a5a98507f1fe0ce10a2b8dbc/library/core/src/../../stdarch/crates/core_arch/src/x86/avx.rs
998 375
fe=(57)
259 750

fl=(7) ???
fn=(420) (below main)
0 12
cob=(2)
cfi=(2)
cfn=(422) __libc_start_main@@GLIBC_2.34
calls=1 0 
0 620443803480

fn=(454) main
0 19
cob=(2)
cfi=(2)
cfn=(456) poll
calls=1 0 
0 8
0 11
cob=(2)
cfi=(2)
cfn=(458) signal
calls=1 0 
0 116
0 17
cob=(2)
cfi=(2)
cfn=(460) sigaction
calls=1 0 
0 57
0 9
cob=(2)
cfi=(2)
cfn=(460)
calls=1 0 
0 58
0 5
cob=(2)
cfi=(2)
cfn=(460)
calls=1 0 
0 57
0 9
cob=(2)
cfi=(2)
cfn=(464) sigaltstack
calls=1 0 
0 6
0 4
cob=(2)
cfi=(2)
cfn=(466) sysconf
calls=1 0 
0 55
0 7
cob=(2)
cfi=(2)
cfn=(470) mmap
calls=1 0 
0 9
0 5
cob=(2)
cfi=(2)
cfn=(466)
calls=1 0 
0 55
0 4
cob=(2)
cfi=(2)
cfn=(472) mprotect
calls=1 0 
0 6
0 4
cob=(2)
cfi=(2)
cfn=(466)
calls=1 0 
0 55
0 7
cob=(2)
cfi=(2)
cfn=(464)
calls=1 0 
0 6
0 9
cob=(2)
cfi=(2)
cfn=(460)
calls=1 0 
0 58
0 7
cob=(2)
cfi=(2)
cfn=(466)
calls=1 0 
0 55
0 11
cob=(2)
cfi=(2)
cfn=(474) pthread_self
calls=1 0 
0 3
0 4
cob=(2)
cfi=(2)
cfn=(476) pthread_getattr_np@@GLIBC_2.32
calls=1 0 
0 107346
0 9
cob=(2)
cfi=(2)
cfn=(622) pthread_attr_getstack@@GLIBC_2.34
calls=1 0 
0 9
0 6
cob=(2)
cfi=(2)
cfn=(624) pthread_attr_destroy
calls=1 0 
0 195
0 23
cfi=(9) /rustc/84c898d65adf2f39a5a98507f1fe0ce10a2b8dbc/library/alloc/src/ffi/c_str.rs
cfn=(626) <&str as alloc::ffi::c_str::CString::new::SpecNewImpl>::spec_new_impl
calls=1 305 
0 268
0 8
cob=(2)
cfi=(2)
cfn=(486)
calls=1 0 
0 177
0 25
cfi=(16)
cfn=(640)
calls=1 15 
0 375
0 19
cfi=(17)
cfn=(654)
calls=1 130 
0 620443694047

fn=(658) __rust_probestack
0 495

fn=(436) 0x0000000000007bb0
0 12

fl=(18)
fn=(656)
33 8
cfi=(7)
cfn=(658)
calls=1 -33 
* 495
* 2
fi=(19) /rustc/84c898d65adf2f39a5a98507f1fe0ce10a2b8dbc/library/std/src/f64.rs
553 1
cob=(3)
cfi=(3)
cfn=(660)
calls=1 0 
* 135
* 1
fe=(18)
35 1
fi=(19)
+15 1
cob=(3)
cfi=(3)
cfn=(670)
calls=1 -50 
* 3
* 2
fe=(18)
-14 2
+1 2
+1 3
+1 3
fi=(27)
405 8
fe=(18)
39 1
cfi=(20) /rustc/84c898d65adf2f39a5a98507f1fe0ce10a2b8dbc/library/std/src/io/stdio.rs
cfn=(672) std::io::stdio::_print
calls=1 1073 
* 1043
+1 4
fi=(27)
405 7
fe=(18)
40 1
cfi=(20)
cfn=(672)
calls=1 1073 
* 531
-40 1
41 2
fi=(27)
405 7
fe=(18)
41 1
cfi=(20)
cfn=(672)
calls=1 1073 
* 980
-41 1
42 2
fi=(27)
405 7
fe=(18)
42 1
cfi=(20)
cfn=(672)
calls=1 1073 
* 1486
fi=(47) /rustc/84c898d65adf2f39a5a98507f1fe0ce10a2b8dbc/library/std/src/sys/unix/fs.rs
946 3
fi=(81) /rustc/84c898d65adf2f39a5a98507f1fe0ce10a2b8dbc/library/std/src/fs.rs
-74 1
fi=(47)
+92 1
+9 1
-3 1
0 1
fi=(13)
2374 2
fi=(14) /rustc/84c898d65adf2f39a5a98507f1fe0ce10a2b8dbc/library/core/src/slice/memchr.rs
58 6
-58 1
58 2
-58 1
58 2
-58 3
fi=(47)
1024 1
cfn=(772) std::sys::unix::fs::File::open_c
calls=1 +3 
* 89
fi=(48)
761 2
+1 1
fi=(12) /rustc/84c898d65adf2f39a5a98507f1fe0ce10a2b8dbc/library/std/src/sys/unix/alloc.rs
14 2
cob=(2)
cfi=(2)
cfn=(486)
calls=1 -14 
* 157
fi=(11)
188 2
fi=(41)
-73 5
fi=(47)
946 2
fi=(81)
-74 1
fi=(47)
+92 1
+9 1
-3 1
fi=(13)
2374 2
fi=(15) /rustc/84c898d65adf2f39a5a98507f1fe0ce10a2b8dbc/library/core/src/ptr/mod.rs
1354 1
fi=(14)
58 18
-58 3
fi=(47)
1024 1
cfn=(772)
calls=1 +3 
* 89
fi=(48)
761 2
+1 1
fi=(12)
14 2
cob=(2)
cfi=(2)
cfn=(486)
calls=1 -14 
* 157
fi=(11)
188 2
fi=(41)
-73 5
fi=(40)
425 10
0 1
fe=(18)
0 5
fi=(7)
cob=(2)
cfi=(2)
cfn=(612)
calls=1 0 
0 50
0 5
fi=(7)
cob=(2)
cfi=(2)
cfn=(612)
calls=1 0 
0 50
0 5
fi=(7)
cob=(2)
cfi=(2)
cfn=(612)
calls=1 0 
0 57
0 5
fi=(7)
cob=(2)
cfi=(2)
cfn=(612)
calls=1 0 
0 50
0 5
fi=(7)
cob=(2)
cfi=(2)
cfn=(612)
calls=1 0 
0 50
0 5
fi=(7)
cob=(2)
cfi=(2)
cfn=(612)
calls=1 0 
0 50
0 5
fi=(7)
cob=(2)
cfi=(2)
cfn=(612)
calls=1 0 
0 50
0 5
fi=(7)
cob=(2)
cfi=(2)
cfn=(612)
calls=1 0 
0 57
0 5
fi=(7)
cob=(2)
cfi=(2)
cfn=(612)
calls=1 0 
0 50
0 5
fi=(7)
cob=(2)
cfi=(2)
cfn=(612)
calls=1 0 
0 50
0 5
fi=(7)
cob=(2)
cfi=(2)
cfn=(612)
calls=1 0 
0 57
0 5
fi=(7)
cob=(2)
cfi=(2)
cfn=(612)
calls=1 0 
0 50
0 5
fi=(7)
cob=(2)
cfi=(2)
cfn=(612)
calls=1 0 
0 50
0 5
fi=(7)
cob=(2)
cfi=(2)
cfn=(612)
calls=1 0 
0 50
0 5
fi=(7)
cob=(2)
cfi=(2)
cfn=(612)
calls=1 0 
0 50
0 5
fi=(7)
cob=(2)
cfi=(2)
cfn=(612)
calls=1 0 
0 57
0 5
fi=(7)
cob=(2)
cfi=(2)
cfn=(612)
calls=1 0 
0 50
0 5
fi=(7)
cob=(2)
cfi=(2)
cfn=(612)
calls=1 0 
0 50
0 5
fi=(7)
cob=(2)
cfi=(2)
cfn=(612)
calls=1 0 
0 57
0 5
fi=(7)
cob=(2)
cfi=(2)
cfn=(612)
calls=1 0 
0 50
0 5
fi=(7)
cob=(2)
cfi=(2)
cfn=(612)
calls=1 0 
0 50
0 5
fi=(7)
cob=(2)
cfi=(2)
cfn=(612)
calls=1 0 
0 50
0 5
fi=(7)
cob=(2)
cfi=(2)
cfn=(612)
calls=1 0 
0 50
0 5
fi=(7)
cob=(2)
cfi=(2)
cfn=(612)
calls=1 0 
0 57
0 5
fi=(7)
cob=(2)
cfi=(2)
cfn=(612)
calls=1 0 
0 50
0 5
fi=(7)
cob=(2)
cfi=(2)
cfn=(612)
calls=1 0 
0 50
0 5
fi=(7)
cob=(2)
cfi=(2)
cfn=(612)
calls=1 0 
0 57
0 5
fi=(7)
cob=(2)
cfi=(2)
cfn=(612)
calls=1 0 
0 50
0 5
fi=(7)
cob=(2)
cfi=(2)
cfn=(612)
calls=1 0 
0 50
0 5
fi=(7)
cob=(2)
cfi=(2)
cfn=(612)
calls=1 0 
0 50
0 5
fi=(7)
cob=(2)
cfi=(2)
cfn=(612)
calls=1 0 
0 50
0 5
fi=(7)
cob=(2)
cfi=(2)
cfn=(612)
calls=1 0 
0 57
0 5
fi=(7)
cob=(2)
cfi=(2)
cfn=(612)
calls=1 0 
0 50
0 5
fi=(7)
cob=(2)
cfi=(2)
cfn=(612)
calls=1 0 
0 50
0 5
fi=(7)
cob=(2)
cfi=(2)
cfn=(612)
calls=1 0 
0 57
0 5
fi=(7)
cob=(2)
cfi=(2)
cfn=(612)
calls=1 0 
0 50
0 5
fi=(7)
cob=(2)
cfi=(2)
cfn=(612)
calls=1 0 
0 50
0 5
fi=(7)
cob=(2)
cfi=(2)
cfn=(612)
calls=1 0 
0 50
0 5
fi=(7)
cob=(2)
cfi=(2)
cfn=(612)
calls=1 0 
0 50
0 5
fi=(7)
cob=(2)
cfi=(2)
cfn=(612)
calls=1 0 
0 57
0 5
fi=(7)
cob=(2)
cfi=(2)
cfn=(612)
calls=1 0 
0 50
0 5
fi=(7)
cob=(2)
cfi=(2)
cfn=(612)
calls=1 0 
0 50
0 5
fi=(7)
cob=(2)
cfi=(2)
cfn=(612)
calls=1 0 
0 57
0 5
fi=(7)
cob=(2)
cfi=(2)
cfn=(612)
calls=1 0 
0 50
0 5
fi=(7)
cob=(2)
cfi=(2)
cfn=(612)
calls=1 0 
0 50
0 5
fi=(7)
cob=(2)
cfi=(2)
cfn=(612)
calls=1 0 
0 50
0 5
fi=(7)
cob=(2)
cfi=(2)
cfn=(612)
calls=1 0 
0 50
0 5
fi=(7)
cob=(2)
cfi=(2)
cfn=(612)
calls=1 0 
0 57
0 5
fi=(7)
cob=(2)
cfi=(2)
cfn=(612)
calls=1 0 
0 50
0 5
fi=(7)
cob=(2)
cfi=(2)
cfn=(612)
calls=1 0 
0 50
0 5
fi=(7)
cob=(2)
cfi=(2)
cfn=(612)
calls=1 0 
0 57
0 5
fi=(7)
cob=(2)
cfi=(2)
cfn=(612)
calls=1 0 
0 50
0 5
fi=(7)
cob=(2)
cfi=(2)
cfn=(612)
calls=1 0 
0 50
0 5
fi=(7)
cob=(2)
cfi=(2)
cfn=(612)
calls=1 0 
0 50
0 5
fi=(7)
cob=(2)
cfi=(2)
cfn=(612)
calls=1 0 
0 50
0 5
fi=(7)
cob=(2)
cfi=(2)
cfn=(612)
calls=1 0 
0 57
0 5
fi=(7)
cob=(2)
cfi=(2)
cfn=(612)
calls=1 0 
0 50
0 5
fi=(7)
cob=(2)
cfi=(2)
cfn=(612)
calls=1 0 
0 50
0 5
fi=(7)
cob=(2)
cfi=(2)
cfn=(612)
calls=1 0 
0 57
0 5
fi=(7)
cob=(2)
cfi=(2)
cfn=(612)
calls=1 0 
0 50
0 5
fi=(7)
cob=(2)
cfi=(2)
cfn=(612)
calls=1 0 
0 50
0 5
fi=(7)
cob=(2)
cfi=(2)
cfn=(612)
calls=1 0 
0 50
0 5
fi=(7)
cob=(2)
cfi=(2)
cfn=(612)
calls=1 0 
0 50
0 5
fi=(7)
cob=(2)
cfi=(2)
cfn=(612)
calls=1 0 
0 57
0 5
fi=(7)
cob=(2)
cfi=(2)
cfn=(612)
calls=1 0 
0 50
0 5
fi=(7)
cob=(2)
cfi=(2)
cfn=(612)
calls=1 0 
0 50
0 5
fi=(7)
cob=(2)
cfi=(2)
cfn=(612)
calls=1 0 
0 57
0 5
fi=(7)
cob=(2)
cfi=(2)
cfn=(612)
calls=1 0 
0 50
0 5
fi=(7)
cob=(2)
cfi=(2)
cfn=(612)
calls=1 0 
0 50
0 5
fi=(7)
cob=(2)
cfi=(2)
cfn=(612)
calls=1 0 
0 50
0 5
fi=(7)
cob=(2)
cfi=(2)
cfn=(612)
calls=1 0 
0 50
0 5
fi=(7)
cob=(2)
cfi=(2)
cfn=(612)
calls=1 0 
0 57
0 5
fi=(7)
cob=(2)
cfi=(2)
cfn=(612)
calls=1 0 
0 50
0 5
fi=(7)
cob=(2)
cfi=(2)
cfn=(612)
calls=1 0 
0 50
0 5
fi=(7)
cob=(2)
cfi=(2)
cfn=(612)
calls=1 0 
0 57
0 5
fi=(7)
cob=(2)
cfi=(2)
cfn=(612)
calls=1 0 
0 50
0 5
fi=(7)
cob=(2)
cfi=(2)
cfn=(612)
calls=1 0 
0 50
0 5
fi=(7)
cob=(2)
cfi=(2)
cfn=(612)
calls=1 0 
0 50
0 5
fi=(7)
cob=(2)
cfi=(2)
cfn=(612)
calls=1 0 
0 50
0 5
fi=(7)
cob=(2)
cfi=(2)
cfn=(612)
calls=1 0 
0 57
0 5
fi=(7)
cob=(2)
cfi=(2)
cfn=(612)
calls=1 0 
0 50
0 5
fi=(7)
cob=(2)
cfi=(2)
cfn=(612)
calls=1 0 
0 50
0 5
fi=(7)
cob=(2)
cfi=(2)
cfn=(612)
calls=1 0 
0 57
0 5
fi=(7)
cob=(2)
cfi=(2)
cfn=(612)
calls=1 0 
0 50
0 5
fi=(7)
cob=(2)
cfi=(2)
cfn=(612)
calls=1 0 
0 50
0 5
fi=(7)
cob=(2)
cfi=(2)
cfn=(612)
calls=1 0 
0 50
0 5
fi=(7)
cob=(2)
cfi=(2)
cfn=(612)
calls=1 0 
0 50
0 5
fi=(7)
cob=(2)
cfi=(2)
cfn=(612)
calls=1 0 
0 57
0 5
fi=(7)
cob=(2)
cfi=(2)
cfn=(612)
calls=1 0 
0 50
0 5
fi=(7)
cob=(2)
cfi=(2)
cfn=(612)
calls=1 0 
0 50
0 5
fi=(7)
cob=(2)
cfi=(2)
cfn=(612)
calls=1 0 
0 57
0 5
fi=(7)
cob=(2)
cfi=(2)
cfn=(612)
calls=1 0 
0 50
0 5
fi=(7)
cob=(2)
cfi=(2)
cfn=(612)
calls=1 0 
0 50
0 5
fi=(7)
cob=(2)
cfi=(2)
cfn=(612)
calls=1 0 
0 50
0 5
fi=(7)
cob=(2)
cfi=(2)
cfn=(612)
calls=1 0 
0 50
0 5
fi=(7)
cob=(2)
cfi=(2)
cfn=(612)
calls=1 0 
0 57
0 5
fi=(7)
cob=(2)
cfi=(2)
cfn=(612)
calls=1 0 
0 50
0 5
fi=(7)
cob=(2)
cfi=(2)
cfn=(612)
calls=1 0 
0 50
0 5
fi=(7)
cob=(2)
cfi=(2)
cfn=(612)
calls=1 0 
0 57
0 5
fi=(7)
cob=(2)
cfi=(2)
cfn=(612)
calls=1 0 
0 50
0 5
fi=(7)
cob=(2)
cfi=(2)
cfn=(612)
calls=1 0 
0 50
0 5
fi=(7)
cob=(2)
cfi=(2)
cfn=(612)
calls=1 0 
0 50
0 5
fi=(7)
cob=(2)
cfi=(2)
cfn=(612)
calls=1 0 
0 50
0 5
fi=(7)
cob=(2)
cfi=(2)
cfn=(612)
calls=1 0 
0 57
0 5
fi=(7)
cob=(2)
cfi=(2)
cfn=(612)
calls=1 0 
0 50
0 5
fi=(7)
cob=(2)
cfi=(2)
cfn=(612)
calls=1 0 
0 50
0 5
fi=(7)
cob=(2)
cfi=(2)
cfn=(612)
calls=1 0 
0 57
0 5
fi=(7)
cob=(2)
cfi=(2)
cfn=(612)
calls=1 0 
0 50
0 5
fi=(7)
cob=(2)
cfi=(2)
cfn=(612)
calls=1 0 
0 50
0 5
fi=(7)
cob=(2)
cfi=(2)
cfn=(612)
calls=1 0 
0 50
0 5
fi=(7)
cob=(2)
cfi=(2)
cfn=(612)
calls=1 0 
0 50
0 5
fi=(7)
cob=(2)
cfi=(2)
cfn=(612)
calls=1 0 
0 57
0 5
fi=(7)
cob=(2)
cfi=(2)
cfn=(612)
calls=1 0 
0 50
0 5
fi=(7)
cob=(2)
cfi=(2)
cfn=(612)
calls=1 0 
0 50
0 5
fi=(7)
cob=(2)
cfi=(2)
cfn=(612)
calls=1 0 
0 57
0 5
fi=(7)
cob=(2)
cfi=(2)
cfn=(612)
calls=1 0 
0 50
0 5
fi=(7)
cob=(2)
cfi=(2)
cfn=(612)
calls=1 0 
0 50
0 5
fi=(7)
cob=(2)
cfi=(2)
cfn=(612)
calls=1 0 
0 50
0 5
fi=(7)
cob=(2)
cfi=(2)
cfn=(612)
calls=1 0 
0 50
0 5
fi=(7)
cob=(2)
cfi=(2)
cfn=(612)
calls=1 0 
0 57
0 5
fi=(7)
cob=(2)
cfi=(2)
cfn=(612)
calls=1 0 
0 50
0 5
fi=(7)
cob=(2)
cfi=(2)
cfn=(612)
calls=1 0 
0 50
0 5
fi=(7)
cob=(2)
cfi=(2)
cfn=(612)
calls=1 0 
0 57
0 5
fi=(7)
cob=(2)
cfi=(2)
cfn=(612)
calls=1 0 
0 50
0 5
fi=(7)
cob=(2)
cfi=(2)
cfn=(612)
calls=1 0 
0 50
0 5
fi=(7)
cob=(2)
cfi=(2)
cfn=(612)
calls=1 0 
0 50
0 5
fi=(7)
cob=(2)
cfi=(2)
cfn=(612)
calls=1 0 
0 50
0 5
fi=(7)
cob=(2)
cfi=(2)
cfn=(612)
calls=1 0 
0 57
0 5
fi=(7)
cob=(2)
cfi=(2)
cfn=(612)
calls=1 0 
0 50
0 5
fi=(7)
cob=(2)
cfi=(2)
cfn=(612)
calls=1 0 
0 50
0 5
fi=(7)
cob=(2)
cfi=(2)
cfn=(612)
calls=1 0 
0 57
0 5
fi=(7)
cob=(2)
cfi=(2)
cfn=(612)
calls=1 0 
0 50
0 5
fi=(7)
cob=(2)
cfi=(2)
cfn=(612)
calls=1 0 
0 50
0 5
fi=(7)
cob=(2)
cfi=(2)
cfn=(612)
calls=1 0 
0 50
0 5
fi=(7)
cob=(2)
cfi=(2)
cfn=(612)
calls=1 0 
0 50
0 5
fi=(7)
cob=(2)
cfi=(2)
cfn=(612)
calls=1 0 
0 57
0 5
fi=(7)
cob=(2)
cfi=(2)
cfn=(612)
calls=1 0 
0 50
0 5
fi=(7)
cob=(2)
cfi=(2)
cfn=(612)
calls=1 0 
0 50
0 5
fi=(7)
cob=(2)
cfi=(2)
cfn=(612)
calls=1 0 
0 57
0 5
fi=(7)
cob=(2)
cfi=(2)
cfn=(612)
calls=1 0 
0 50
0 5
fi=(7)
cob=(2)
cfi=(2)
cfn=(612)
calls=1 0 
0 50
0 5
fi=(7)
cob=(2)
cfi=(2)
cfn=(612)
calls=1 0 
0 50
0 5
fi=(7)
cob=(2)
cfi=(2)
cfn=(612)
calls=1 0 
0 50
0 5
fi=(7)
cob=(2)
cfi=(2)
cfn=(612)
calls=1 0 
0 57
0 5
fi=(7)
cob=(2)
cfi=(2)
cfn=(612)
calls=1 0 
0 50
0 5
fi=(7)
cob=(2)
cfi=(2)
cfn=(612)
calls=1 0 
0 50
0 5
fi=(7)
cob=(2)
cfi=(2)
cfn=(612)
calls=1 0 
0 57
0 5
fi=(7)
cob=(2)
cfi=(2)
cfn=(612)
calls=1 0 
0 50
0 5
fi=(7)
cob=(2)
cfi=(2)
cfn=(612)
calls=1 0 
0 50
0 5
fi=(7)
cob=(2)
cfi=(2)
cfn=(612)
calls=1 0 
0 50
0 5
fi=(7)
cob=(2)
cfi=(2)
cfn=(612)
calls=1 0 
0 50
0 5
fi=(7)
cob=(2)
cfi=(2)
cfn=(612)
calls=1 0 
0 57
0 5
fi=(7)
cob=(2)
cfi=(2)
cfn=(612)
calls=1 0 
0 50
0 5
fi=(7)
cob=(2)
cfi=(2)
cfn=(612)
calls=1 0 
0 50
0 5
fi=(7)
cob=(2)
cfi=(2)
cfn=(612)
calls=1 0 
0 57
0 5
fi=(7)
cob=(2)
cfi=(2)
cfn=(612)
calls=1 0 
0 50
0 5
fi=(7)
cob=(2)
cfi=(2)
cfn=(612)
calls=1 0 
0 50
0 5
fi=(7)
cob=(2)
cfi=(2)
cfn=(612)
calls=1 0 
0 50
0 5
fi=(7)
cob=(2)
cfi=(2)
cfn=(612)
calls=1 0 
0 50
0 4
fi=(7)
cob=(2)
cfi=(2)
cfn=(612)
calls=1 0 
0 57
0 5
fi=(7)
cob=(2)
cfi=(2)
cfn=(612)
calls=1 0 
0 50
0 5
fi=(7)
cob=(2)
cfi=(2)
cfn=(612)
calls=1 0 
0 50
0 5
fi=(7)
cob=(2)
cfi=(2)
cfn=(612)
calls=1 0 
0 57
0 5
fi=(7)
cob=(2)
cfi=(2)
cfn=(612)
calls=1 0 
0 50
0 5
fi=(7)
cob=(2)
cfi=(2)
cfn=(612)
calls=1 0 
0 50
0 5
fi=(7)
cob=(2)
cfi=(2)
cfn=(612)
calls=1 0 
0 50
0 5
fi=(7)
cob=(2)
cfi=(2)
cfn=(612)
calls=1 0 
0 50
0 5
fi=(7)
cob=(2)
cfi=(2)
cfn=(612)
calls=1 0 
0 57
0 5
fi=(7)
cob=(2)
cfi=(2)
cfn=(612)
calls=1 0 
0 50
0 5
fi=(7)
cob=(2)
cfi=(2)
cfn=(612)
calls=1 0 
0 50
0 5
fi=(7)
cob=(2)
cfi=(2)
cfn=(612)
calls=1 0 
0 57
0 5
fi=(7)
cob=(2)
cfi=(2)
cfn=(612)
calls=1 0 
0 50
0 5
fi=(7)
cob=(2)
cfi=(2)
cfn=(612)
calls=1 0 
0 50
0 5
fi=(7)
cob=(2)
cfi=(2)
cfn=(612)
calls=1 0 
0 50
0 5
fi=(7)
cob=(2)
cfi=(2)
cfn=(612)
calls=1 0 
0 50
0 5
fi=(7)
cob=(2)
cfi=(2)
cfn=(612)
calls=1 0 
0 57
0 5
fi=(7)
cob=(2)
cfi=(2)
cfn=(612)
calls=1 0 
0 50
0 5
fi=(7)
cob=(2)
cfi=(2)
cfn=(612)
calls=1 0 
0 50
0 5
fi=(7)
cob=(2)
cfi=(2)
cfn=(612)
calls=1 0 
0 57
0 5
fi=(7)
cob=(2)
cfi=(2)
cfn=(612)
calls=1 0 
0 50
0 5
fi=(7)
cob=(2)
cfi=(2)
cfn=(612)
calls=1 0 
0 50
0 5
fi=(7)
cob=(2)
cfi=(2)
cfn=(612)
calls=1 0 
0 50
0 5
fi=(7)
cob=(2)
cfi=(2)
cfn=(612)
calls=1 0 
0 50
0 5
fi=(7)
cob=(2)
cfi=(2)
cfn=(612)
calls=1 0 
0 57
0 5
fi=(7)
cob=(2)
cfi=(2)
cfn=(612)
calls=1 0 
0 50
0 5
fi=(7)
cob=(2)
cfi=(2)
cfn=(612)
calls=1 0 
0 50
0 5
fi=(7)
cob=(2)
cfi=(2)
cfn=(612)
calls=1 0 
0 57
0 5
fi=(7)
cob=(2)
cfi=(2)
cfn=(612)
calls=1 0 
0 50
0 5
fi=(7)
cob=(2)
cfi=(2)
cfn=(612)
calls=1 0 
0 50
0 5
fi=(7)
cob=(2)
cfi=(2)
cfn=(612)
calls=1 0 
0 50
0 5
fi=(7)
cob=(2)
cfi=(2)
cfn=(612)
calls=1 0 
0 50
0 5
fi=(7)
cob=(2)
cfi=(2)
cfn=(612)
calls=1 0 
0 57
0 5
fi=(7)
cob=(2)
cfi=(2)
cfn=(612)
calls=1 0 
0 50
0 5
fi=(7)
cob=(2)
cfi=(2)
cfn=(612)
calls=1 0 
0 50
0 5
fi=(7)
cob=(2)
cfi=(2)
cfn=(612)
calls=1 0 
0 57
0 5
fi=(7)
cob=(2)
cfi=(2)
cfn=(612)
calls=1 0 
0 50
0 5
fi=(7)
cob=(2)
cfi=(2)
cfn=(612)
calls=1 0 
0 50
0 5
fi=(7)
cob=(2)
cfi=(2)
cfn=(612)
calls=1 0 
0 50
0 5
fi=(7)
cob=(2)
cfi=(2)
cfn=(612)
calls=1 0 
0 50
0 5
fi=(7)
cob=(2)
cfi=(2)
cfn=(612)
calls=1 0 
0 57
0 5
fi=(7)
cob=(2)
cfi=(2)
cfn=(612)
calls=1 0 
0 50
0 5
fi=(7)
cob=(2)
cfi=(2)
cfn=(612)
calls=1 0 
0 50
0 5
fi=(7)
cob=(2)
cfi=(2)
cfn=(612)
calls=1 0 
0 57
0 5
fi=(7)
cob=(2)
cfi=(2)
cfn=(612)
calls=1 0 
0 50
0 5
fi=(7)
cob=(2)
cfi=(2)
cfn=(612)
calls=1 0 
0 50
0 5
fi=(7)
cob=(2)
cfi=(2)
cfn=(612)
calls=1 0 
0 50
0 5
fi=(7)
cob=(2)
cfi=(2)
cfn=(612)
calls=1 0 
0 50
0 5
fi=(7)
cob=(2)
cfi=(2)
cfn=(612)
calls=1 0 
0 57
0 5
fi=(7)
cob=(2)
cfi=(2)
cfn=(612)
calls=1 0 
0 50
0 5
fi=(7)
cob=(2)
cfi=(2)
cfn=(612)
calls=1 0 
0 50
0 5
fi=(7)
cob=(2)
cfi=(2)
cfn=(612)
calls=1 0 
0 57
0 5
fi=(7)
cob=(2)
cfi=(2)
cfn=(612)
calls=1 0 
0 50
0 5
fi=(7)
cob=(2)
cfi=(2)
cfn=(612)
calls=1 0 
0 50
0 5
fi=(7)
cob=(2)
cfi=(2)
cfn=(612)
calls=1 0 
0 50
0 5
fi=(7)
cob=(2)
cfi=(2)
cfn=(612)
calls=1 0 
0 50
0 5
fi=(7)
cob=(2)
cfi=(2)
cfn=(612)
calls=1 0 
0 57
0 5
fi=(7)
cob=(2)
cfi=(2)
cfn=(612)
calls=1 0 
0 50
0 5
fi=(7)
cob=(2)
cfi=(2)
cfn=(612)
calls=1 0 
0 50
0 5
fi=(7)
cob=(2)
cfi=(2)
cfn=(612)
calls=1 0 
0 57
0 5
fi=(7)
cob=(2)
cfi=(2)
cfn=(612)
calls=1 0 
0 50
0 5
fi=(7)
cob=(2)
cfi=(2)
cfn=(612)
calls=1 0 
0 50
0 5
fi=(7)
cob=(2)
cfi=(2)
cfn=(612)
calls=1 0 
0 50
0 5
fi=(7)
cob=(2)
cfi=(2)
cfn=(612)
calls=1 0 
0 50
0 5
fi=(7)
cob=(2)
cfi=(2)
cfn=(612)
calls=1 0 
0 57
0 5
fi=(7)
cob=(2)
cfi=(2)
cfn=(612)
calls=1 0 
0 50
0 5
fi=(7)
cob=(2)
cfi=(2)
cfn=(612)
calls=1 0 
0 50
0 5
fi=(7)
cob=(2)
cfi=(2)
cfn=(612)
calls=1 0 
0 57
0 5
fi=(7)
cob=(2)
cfi=(2)
cfn=(612)
calls=1 0 
0 50
0 5
fi=(7)
cob=(2)
cfi=(2)
cfn=(612)
calls=1 0 
0 50
0 5
fi=(7)
cob=(2)
cfi=(2)
cfn=(612)
calls=1 0 
0 50
0 5
fi=(7)
cob=(2)
cfi=(2)
cfn=(612)
calls=1 0 
0 50
0 5
fi=(7)
cob=(2)
cfi=(2)
cfn=(612)
calls=1 0 
0 57
0 5
fi=(7)
cob=(2)
cfi=(2)
cfn=(612)
calls=1 0 
0 50
0 5
fi=(7)
cob=(2)
cfi=(2)
cfn=(612)
calls=1 0 
0 50
0 5
fi=(7)
cob=(2)
cfi=(2)
cfn=(612)
calls=1 0 
0 57
0 5
fi=(7)
cob=(2)
cfi=(2)
cfn=(612)
calls=1 0 
0 50
0 5
fi=(7)
cob=(2)
cfi=(2)
cfn=(612)
calls=1 0 
0 50
0 5
fi=(7)
cob=(2)
cfi=(2)
cfn=(612)
calls=1 0 
0 50
0 5
fi=(7)
cob=(2)
cfi=(2)
cfn=(612)
calls=1 0 
0 50
0 5
fi=(7)
cob=(2)
cfi=(2)
cfn=(612)
calls=1 0 
0 57
0 5
fi=(7)
cob=(2)
cfi=(2)
cfn=(612)
calls=1 0 
0 50
0 5
fi=(7)
cob=(2)
cfi=(2)
cfn=(612)
calls=1 0 
0 50
0 5
fi=(7)
cob=(2)
cfi=(2)
cfn=(612)
calls=1 0 
0 57
0 5
fi=(7)
cob=(2)
cfi=(2)
cfn=(612)
calls=1 0 
0 50
0 5
fi=(7)
cob=(2)
cfi=(2)
cfn=(612)
calls=1 0 
0 50
0 5
fi=(7)
cob=(2)
cfi=(2)
cfn=(612)
calls=1 0 
0 50
0 5
fi=(7)
cob=(2)
cfi=(2)
cfn=(612)
calls=1 0 
0 50
0 5
fi=(7)
cob=(2)
cfi=(2)
cfn=(612)
calls=1 0 
0 57
0 5
fi=(7)
cob=(2)
cfi=(2)
cfn=(612)
calls=1 0 
0 50
0 5
fi=(7)
cob=(2)
cfi=(2)
cfn=(612)
calls=1 0 
0 50
0 5
fi=(7)
cob=(2)
cfi=(2)
cfn=(612)
calls=1 0 
0 57
0 5
fi=(7)
cob=(2)
cfi=(2)
cfn=(612)
calls=1 0 
0 50
0 5
fi=(7)
cob=(2)
cfi=(2)
cfn=(612)
calls=1 0 
0 50
0 5
fi=(7)
cob=(2)
cfi=(2)
cfn=(612)
calls=1 0 
0 50
0 5
fi=(7)
cob=(2)
cfi=(2)
cfn=(612)
calls=1 0 
0 50
0 5
fi=(7)
cob=(2)
cfi=(2)
cfn=(612)
calls=1 0 
0 57
0 5
fi=(7)
cob=(2)
cfi=(2)
cfn=(612)
calls=1 0 
0 50
0 5
fi=(7)
cob=(2)
cfi=(2)
cfn=(612)
calls=1 0 
0 50
0 5
fi=(7)
cob=(2)
cfi=(2)
cfn=(612)
calls=1 0 
0 57
0 5
fi=(7)
cob=(2)
cfi=(2)
cfn=(612)
calls=1 0 
0 50
0 5
fi=(7)
cob=(2)
cfi=(2)
cfn=(612)
calls=1 0 
0 50
0 5
fi=(7)
cob=(2)
cfi=(2)
cfn=(612)
calls=1 0 
0 50
0 5
fi=(7)
cob=(2)
cfi=(2)
cfn=(612)
calls=1 0 
0 50
0 5
fi=(7)
cob=(2)
cfi=(2)
cfn=(612)
calls=1 0 
0 57
0 5
fi=(7)
cob=(2)
cfi=(2)
cfn=(612)
calls=1 0 
0 50
0 5
fi=(7)
cob=(2)
cfi=(2)
cfn=(612)
calls=1 0 
0 50
0 5
fi=(7)
cob=(2)
cfi=(2)
cfn=(612)
calls=1 0 
0 57
0 5
fi=(7)
cob=(2)
cfi=(2)
cfn=(612)
calls=1 0 
0 50
0 5
fi=(7)
cob=(2)
cfi=(2)
cfn=(612)
calls=1 0 
0 50
0 5
fi=(7)
cob=(2)
cfi=(2)
cfn=(612)
calls=1 0 
0 50
0 5
fi=(7)
cob=(2)
cfi=(2)
cfn=(612)
calls=1 0 
0 50
0 5
fi=(7)
cob=(2)
cfi=(2)
cfn=(612)
calls=1 0 
0 57
0 5
fi=(7)
cob=(2)
cfi=(2)
cfn=(612)
calls=1 0 
0 50
0 5
fi=(7)
cob=(2)
cfi=(2)
cfn=(612)
calls=1 0 
0 50
0 5
fi=(7)
cob=(2)
cfi=(2)
cfn=(612)
calls=1 0 
0 57
0 5
fi=(7)
cob=(2)
cfi=(2)
cfn=(612)
calls=1 0 
0 50
0 5
fi=(7)
cob=(2)
cfi=(2)
cfn=(612)
calls=1 0 
0 50
0 5
fi=(7)
cob=(2)
cfi=(2)
cfn=(612)
calls=1 0 
0 50
0 5
fi=(7)
cob=(2)
cfi=(2)
cfn=(612)
calls=1 0 
0 50
0 5
fi=(7)
cob=(2)
cfi=(2)
cfn=(612)
calls=1 0 
0 57
0 5
fi=(7)
cob=(2)
cfi=(2)
cfn=(612)
calls=1 0 
0 50
0 5
fi=(7)
cob=(2)
cfi=(2)
cfn=(612)
calls=1 0 
0 50
0 5
fi=(7)
cob=(2)
cfi=(2)
cfn=(612)
calls=1 0 
0 57
0 5
fi=(7)
cob=(2)
cfi=(2)
cfn=(612)
calls=1 0 
0 50
0 5
fi=(7)
cob=(2)
cfi=(2)
cfn=(612)
calls=1 0 
0 50
0 5
fi=(7)
cob=(2)
cfi=(2)
cfn=(612)
calls=1 0 
0 50
0 5
fi=(7)
cob=(2)
cfi=(2)
cfn=(612)
calls=1 0 
0 50
0 5
fi=(7)
cob=(2)
cfi=(2)
cfn=(612)
calls=1 0 
0 57
0 5
fi=(7)
cob=(2)
cfi=(2)
cfn=(612)
calls=1 0 
0 50
0 5
fi=(7)
cob=(2)
cfi=(2)
cfn=(612)
calls=1 0 
0 50
0 5
fi=(7)
cob=(2)
cfi=(2)
cfn=(612)
calls=1 0 
0 57
0 5
fi=(7)
cob=(2)
cfi=(2)
cfn=(612)
calls=1 0 
0 50
0 5
fi=(7)
cob=(2)
cfi=(2)
cfn=(612)
calls=1 0 
0 50
0 5
fi=(7)
cob=(2)
cfi=(2)
cfn=(612)
calls=1 0 
0 50
0 5
fi=(7)
cob=(2)
cfi=(2)
cfn=(612)
calls=1 0 
0 50
0 5
fi=(7)
cob=(2)
cfi=(2)
cfn=(612)
calls=1 0 
0 57
0 5
fi=(7)
cob=(2)
cfi=(2)
cfn=(612)
calls=1 0 
0 50
0 5
fi=(7)
cob=(2)
cfi=(2)
cfn=(612)
calls=1 0 
0 50
0 5
fi=(7)
cob=(2)
cfi=(2)
cfn=(612)
calls=1 0 
0 57
0 5
fi=(7)
cob=(2)
cfi=(2)
cfn=(612)
calls=1 0 
0 50
0 5
fi=(7)
cob=(2)
cfi=(2)
cfn=(612)
calls=1 0 
0 50
0 5
fi=(7)
cob=(2)
cfi=(2)
cfn=(612)
calls=1 0 
0 50
0 5
fi=(7)
cob=(2)
cfi=(2)
cfn=(612)
calls=1 0 
0 50
0 5
fi=(7)
cob=(2)
cfi=(2)
cfn=(612)
calls=1 0 
0 57
0 5
fi=(7)
cob=(2)
cfi=(2)
cfn=(612)
calls=1 0 
0 50
0 5
fi=(7)
cob=(2)
cfi=(2)
cfn=(612)
calls=1 0 
0 50
0 5
fi=(7)
cob=(2)
cfi=(2)
cfn=(612)
calls=1 0 
0 57
0 5
fi=(7)
cob=(2)
cfi=(2)
cfn=(612)
calls=1 0 
0 50
0 5
fi=(7)
cob=(2)
cfi=(2)
cfn=(612)
calls=1 0 
0 50
0 5
fi=(7)
cob=(2)
cfi=(2)
cfn=(612)
calls=1 0 
0 50
0 5
fi=(7)
cob=(2)
cfi=(2)
cfn=(612)
calls=1 0 
0 50
0 5
fi=(7)
cob=(2)
cfi=(2)
cfn=(612)
calls=1 0 
0 57
0 5
fi=(7)
cob=(2)
cfi=(2)
cfn=(612)
calls=1 0 
0 50
0 5
fi=(7)
cob=(2)
cfi=(2)
cfn=(612)
calls=1 0 
0 50
0 5
fi=(7)
cob=(2)
cfi=(2)
cfn=(612)
calls=1 0 
0 57
0 5
fi=(7)
cob=(2)
cfi=(2)
cfn=(612)
calls=1 0 
0 50
0 5
fi=(7)
cob=(2)
cfi=(2)
cfn=(612)
calls=1 0 
0 50
0 5
fi=(7)
cob=(2)
cfi=(2)
cfn=(612)
calls=1 0 
0 50
0 5
fi=(7)
cob=(2)
cfi=(2)
cfn=(612)
calls=1 0 
0 50
0 4
fi=(7)
cob=(2)
cfi=(2)
cfn=(612)
calls=1 0 
0 57
fi=(19)
553 3
cob=(3)
cfi=(3)
cfn=(660)
calls=1 0 
* 135
fe=(18)
279 5
0 1
fi=(19)
553 1
cob=(3)
cfi=(3)
cfn=(660)
calls=1 0 
* 135
* 1
0 4
cob=(2)
cfi=(2)
cfn=(612)
calls=1 0 
0 96017
0 1
fi=(49)
1383 1
fi=(51)
620 1
fe=(18)
0 5
fi=(51)
620 2
0 2
fi=(50) /rustc/84c898d65adf2f39a5a98507f1fe0ce10a2b8dbc/library/core/src/num/int_macros.rs
480 1
0 7
480 1
0 3
fi=(51)
620 4
fe=(18)
290 2
fi=(51)
0 18
fi=(50)
480 9
0 63
480 9
0 27
fi=(51)
620 36
fe=(18)
290 18
fi=(50)
0 180
480 90
0 270
fi=(51)
620 360
fe=(18)
290 1980
0 3000
290 3000
+2 4000
+2 2000
0 1000
294 3000
+2 1000
0 1000
296 3000
+1 1000
fi=(49)
1383 2000
fi=(51)
620 1000
fi=(49)
1383 100
fi=(51)
620 100
fi=(49)
1383 10
fi=(51)
620 10
0 6
cob=(2)
cfi=(2)
cfn=(612)
calls=1 0 
0 50
0 5
cob=(2)
cfi=(2)
cfn=(612)
calls=1 0 
0 50
0 5
cob=(2)
cfi=(2)
cfn=(612)
calls=1 0 
0 57
0 5
cob=(2)
cfi=(2)
cfn=(612)
calls=1 0 
0 50
0 5
cob=(2)
cfi=(2)
cfn=(612)
calls=1 0 
0 50
0 5
cob=(2)
cfi=(2)
cfn=(612)
calls=1 0 
0 50
0 5
cob=(2)
cfi=(2)
cfn=(612)
calls=1 0 
0 50
0 5
cob=(2)
cfi=(2)
cfn=(612)
calls=1 0 
0 57
0 5
cob=(2)
cfi=(2)
cfn=(612)
calls=1 0 
0 50
0 5
cob=(2)
cfi=(2)
cfn=(612)
calls=1 0 
0 50
0 5
cob=(2)
cfi=(2)
cfn=(612)
calls=1 0 
0 57
0 5
cob=(2)
cfi=(2)
cfn=(612)
calls=1 0 
0 50
0 5
cob=(2)
cfi=(2)
cfn=(612)
calls=1 0 
0 50
0 5
cob=(2)
cfi=(2)
cfn=(612)
calls=1 0 
0 50
0 5
cob=(2)
cfi=(2)
cfn=(612)
calls=1 0 
0 50
0 5
cob=(2)
cfi=(2)
cfn=(612)
calls=1 0 
0 57
0 5
cob=(2)
cfi=(2)
cfn=(612)
calls=1 0 
0 50
0 5
cob=(2)
cfi=(2)
cfn=(612)
calls=1 0 
0 50
0 5
cob=(2)
cfi=(2)
cfn=(612)
calls=1 0 
0 57
0 5
cob=(2)
cfi=(2)
cfn=(612)
calls=1 0 
0 50
0 5
cob=(2)
cfi=(2)
cfn=(612)
calls=1 0 
0 50
0 5
cob=(2)
cfi=(2)
cfn=(612)
calls=1 0 
0 50
0 5
cob=(2)
cfi=(2)
cfn=(612)
calls=1 0 
0 50
0 5
cob=(2)
cfi=(2)
cfn=(612)
calls=1 0 
0 57
0 5
cob=(2)
cfi=(2)
cfn=(612)
calls=1 0 
0 50
0 5
cob=(2)
cfi=(2)
cfn=(612)
calls=1 0 
0 50
0 5
cob=(2)
cfi=(2)
cfn=(612)
calls=1 0 
0 57
0 5
cob=(2)
cfi=(2)
cfn=(612)
calls=1 0 
0 50
0 5
cob=(2)
cfi=(2)
cfn=(612)
calls=1 0 
0 50
0 5
cob=(2)
cfi=(2)
cfn=(612)
calls=1 0 
0 50
0 5
cob=(2)
cfi=(2)
cfn=(612)
calls=1 0 
0 50
0 5
cob=(2)
cfi=(2)
cfn=(612)
calls=1 0 
0 57
0 5
cob=(2)
cfi=(2)
cfn=(612)
calls=1 0 
0 50
0 5
cob=(2)
cfi=(2)
cfn=(612)
calls=1 0 
0 50
0 5
cob=(2)
cfi=(2)
cfn=(612)
calls=1 0 
0 57
0 5
cob=(2)
cfi=(2)
cfn=(612)
calls=1 0 
0 50
0 5
cob=(2)
cfi=(2)
cfn=(612)
calls=1 0 
0 50
0 5
cob=(2)
cfi=(2)
cfn=(612)
calls=1 0 
0 50
0 5
cob=(2)
cfi=(2)
cfn=(612)
calls=1 0 
0 50
0 5
cob=(2)
cfi=(2)
cfn=(612)
calls=1 0 
0 57
0 5
cob=(2)
cfi=(2)
cfn=(612)
calls=1 0 
0 50
0 5
cob=(2)
cfi=(2)
cfn=(612)
calls=1 0 
0 50
0 5
cob=(2)
cfi=(2)
cfn=(612)
calls=1 0 
0 57
0 5
cob=(2)
cfi=(2)
cfn=(612)
calls=1 0 
0 50
0 5
cob=(2)
cfi=(2)
cfn=(612)
calls=1 0 
0 50
0 5
cob=(2)
cfi=(2)
cfn=(612)
calls=1 0 
0 50
0 5
cob=(2)
cfi=(2)
cfn=(612)
calls=1 0 
0 50
0 5
cob=(2)
cfi=(2)
cfn=(612)
calls=1 0 
0 57
0 5
cob=(2)
cfi=(2)
cfn=(612)
calls=1 0 
0 50
0 5
cob=(2)
cfi=(2)
cfn=(612)
calls=1 0 
0 50
0 5
cob=(2)
cfi=(2)
cfn=(612)
calls=1 0 
0 57
0 5
cob=(2)
cfi=(2)
cfn=(612)
calls=1 0 
0 50
0 5
cob=(2)
cfi=(2)
cfn=(612)
calls=1 0 
0 50
0 5
cob=(2)
cfi=(2)
cfn=(612)
calls=1 0 
0 50
0 5
cob=(2)
cfi=(2)
cfn=(612)
calls=1 0 
0 50
0 5
cob=(2)
cfi=(2)
cfn=(612)
calls=1 0 
0 57
0 5
cob=(2)
cfi=(2)
cfn=(612)
calls=1 0 
0 50
0 5
cob=(2)
cfi=(2)
cfn=(612)
calls=1 0 
0 50
0 5
cob=(2)
cfi=(2)
cfn=(612)
calls=1 0 
0 57
0 5
cob=(2)
cfi=(2)
cfn=(612)
calls=1 0 
0 50
0 5
cob=(2)
cfi=(2)
cfn=(612)
calls=1 0 
0 50
0 5
cob=(2)
cfi=(2)
cfn=(612)
calls=1 0 
0 50
0 5
cob=(2)
cfi=(2)
cfn=(612)
calls=1 0 
0 50
0 5
cob=(2)
cfi=(2)
cfn=(612)
calls=1 0 
0 57
0 5
cob=(2)
cfi=(2)
cfn=(612)
calls=1 0 
0 50
0 5
cob=(2)
cfi=(2)
cfn=(612)
calls=1 0 
0 50
0 5
cob=(2)
cfi=(2)
cfn=(612)
calls=1 0 
0 57
0 5
cob=(2)
cfi=(2)
cfn=(612)
calls=1 0 
0 50
0 5
cob=(2)
cfi=(2)
cfn=(612)
calls=1 0 
0 50
0 5
cob=(2)
cfi=(2)
cfn=(612)
calls=1 0 
0 50
0 5
cob=(2)
cfi=(2)
cfn=(612)
calls=1 0 
0 50
0 5
cob=(2)
cfi=(2)
cfn=(612)
calls=1 0 
0 57
0 5
cob=(2)
cfi=(2)
cfn=(612)
calls=1 0 
0 50
0 5
cob=(2)
cfi=(2)
cfn=(612)
calls=1 0 
0 50
0 5
cob=(2)
cfi=(2)
cfn=(612)
calls=1 0 
0 57
0 5
cob=(2)
cfi=(2)
cfn=(612)
calls=1 0 
0 50
0 5
cob=(2)
cfi=(2)
cfn=(612)
calls=1 0 
0 50
0 5
cob=(2)
cfi=(2)
cfn=(612)
calls=1 0 
0 50
0 5
cob=(2)
cfi=(2)
cfn=(612)
calls=1 0 
0 50
0 5
cob=(2)
cfi=(2)
cfn=(612)
calls=1 0 
0 57
0 5
cob=(2)
cfi=(2)
cfn=(612)
calls=1 0 
0 50
0 5
cob=(2)
cfi=(2)
cfn=(612)
calls=1 0 
0 50
0 5
cob=(2)
cfi=(2)
cfn=(612)
calls=1 0 
0 57
0 5
cob=(2)
cfi=(2)
cfn=(612)
calls=1 0 
0 50
0 5
cob=(2)
cfi=(2)
cfn=(612)
calls=1 0 
0 50
0 5
cob=(2)
cfi=(2)
cfn=(612)
calls=1 0 
0 50
0 5
cob=(2)
cfi=(2)
cfn=(612)
calls=1 0 
0 50
0 5
cob=(2)
cfi=(2)
cfn=(612)
calls=1 0 
0 57
0 5
cob=(2)
cfi=(2)
cfn=(612)
calls=1 0 
0 50
0 5
cob=(2)
cfi=(2)
cfn=(612)
calls=1 0 
0 50
0 5
cob=(2)
cfi=(2)
cfn=(612)
calls=1 0 
0 57
0 5
cob=(2)
cfi=(2)
cfn=(612)
calls=1 0 
0 50
0 5
cob=(2)
cfi=(2)
cfn=(612)
calls=1 0 
0 50
0 5
cob=(2)
cfi=(2)
cfn=(612)
calls=1 0 
0 50
0 5
cob=(2)
cfi=(2)
cfn=(612)
calls=1 0 
0 50
0 5
cob=(2)
cfi=(2)
cfn=(612)
calls=1 0 
0 57
0 5
cob=(2)
cfi=(2)
cfn=(612)
calls=1 0 
0 50
0 5
cob=(2)
cfi=(2)
cfn=(612)
calls=1 0 
0 50
0 5
cob=(2)
cfi=(2)
cfn=(612)
calls=1 0 
0 57
0 5
cob=(2)
cfi=(2)
cfn=(612)
calls=1 0 
0 50
0 5
cob=(2)
cfi=(2)
cfn=(612)
calls=1 0 
0 50
0 5
cob=(2)
cfi=(2)
cfn=(612)
calls=1 0 
0 50
0 5
cob=(2)
cfi=(2)
cfn=(612)
calls=1 0 
0 50
0 5
cob=(2)
cfi=(2)
cfn=(612)
calls=1 0 
0 57
0 5
cob=(2)
cfi=(2)
cfn=(612)
calls=1 0 
0 50
0 5
cob=(2)
cfi=(2)
cfn=(612)
calls=1 0 
0 50
0 5
cob=(2)
cfi=(2)
cfn=(612)
calls=1 0 
0 57
0 5
cob=(2)
cfi=(2)
cfn=(612)
calls=1 0 
0 50
0 5
cob=(2)
cfi=(2)
cfn=(612)
calls=1 0 
0 50
0 5
cob=(2)
cfi=(2)
cfn=(612)
calls=1 0 
0 50
0 5
cob=(2)
cfi=(2)
cfn=(612)
calls=1 0 
0 50
0 5
cob=(2)
cfi=(2)
cfn=(612)
calls=1 0 
0 57
0 5
cob=(2)
cfi=(2)
cfn=(612)
calls=1 0 
0 50
0 5
cob=(2)
cfi=(2)
cfn=(612)
calls=1 0 
0 50
0 5
cob=(2)
cfi=(2)
cfn=(612)
calls=1 0 
0 57
0 5
cob=(2)
cfi=(2)
cfn=(612)
calls=1 0 
0 50
0 5
cob=(2)
cfi=(2)
cfn=(612)
calls=1 0 
0 50
0 5
cob=(2)
cfi=(2)
cfn=(612)
calls=1 0 
0 50
0 5
cob=(2)
cfi=(2)
cfn=(612)
calls=1 0 
0 50
0 5
cob=(2)
cfi=(2)
cfn=(612)
calls=1 0 
0 57
0 5
cob=(2)
cfi=(2)
cfn=(612)
calls=1 0 
0 50
0 5
cob=(2)
cfi=(2)
cfn=(612)
calls=1 0 
0 50
0 5
cob=(2)
cfi=(2)
cfn=(612)
calls=1 0 
0 57
0 5
cob=(2)
cfi=(2)
cfn=(612)
calls=1 0 
0 50
0 5
cob=(2)
cfi=(2)
cfn=(612)
calls=1 0 
0 50
0 5
cob=(2)
cfi=(2)
cfn=(612)
calls=1 0 
0 50
0 5
cob=(2)
cfi=(2)
cfn=(612)
calls=1 0 
0 50
0 5
cob=(2)
cfi=(2)
cfn=(612)
calls=1 0 
0 57
0 5
cob=(2)
cfi=(2)
cfn=(612)
calls=1 0 
0 50
0 5
cob=(2)
cfi=(2)
cfn=(612)
calls=1 0 
0 50
0 5
cob=(2)
cfi=(2)
cfn=(612)
calls=1 0 
0 57
0 5
cob=(2)
cfi=(2)
cfn=(612)
calls=1 0 
0 50
0 5
cob=(2)
cfi=(2)
cfn=(612)
calls=1 0 
0 50
0 5
cob=(2)
cfi=(2)
cfn=(612)
calls=1 0 
0 50
0 5
cob=(2)
cfi=(2)
cfn=(612)
calls=1 0 
0 50
0 5
cob=(2)
cfi=(2)
cfn=(612)
calls=1 0 
0 57
0 5
cob=(2)
cfi=(2)
cfn=(612)
calls=1 0 
0 50
0 5
cob=(2)
cfi=(2)
cfn=(612)
calls=1 0 
0 50
0 5
cob=(2)
cfi=(2)
cfn=(612)
calls=1 0 
0 57
0 5
cob=(2)
cfi=(2)
cfn=(612)
calls=1 0 
0 50
0 5
cob=(2)
cfi=(2)
cfn=(612)
calls=1 0 
0 50
0 5
cob=(2)
cfi=(2)
cfn=(612)
calls=1 0 
0 50
0 5
cob=(2)
cfi=(2)
cfn=(612)
calls=1 0 
0 50
0 5
cob=(2)
cfi=(2)
cfn=(612)
calls=1 0 
0 57
0 5
cob=(2)
cfi=(2)
cfn=(612)
calls=1 0 
0 50
0 5
cob=(2)
cfi=(2)
cfn=(612)
calls=1 0 
0 50
0 5
cob=(2)
cfi=(2)
cfn=(612)
calls=1 0 
0 57
0 5
cob=(2)
cfi=(2)
cfn=(612)
calls=1 0 
0 50
0 5
cob=(2)
cfi=(2)
cfn=(612)
calls=1 0 
0 50
0 5
cob=(2)
cfi=(2)
cfn=(612)
calls=1 0 
0 50
0 5
cob=(2)
cfi=(2)
cfn=(612)
calls=1 0 
0 50
0 5
cob=(2)
cfi=(2)
cfn=(612)
calls=1 0 
0 57
0 5
cob=(2)
cfi=(2)
cfn=(612)
calls=1 0 
0 50
0 5
cob=(2)
cfi=(2)
cfn=(612)
calls=1 0 
0 50
0 5
cob=(2)
cfi=(2)
cfn=(612)
calls=1 0 
0 57
0 5
cob=(2)
cfi=(2)
cfn=(612)
calls=1 0 
0 50
0 5
cob=(2)
cfi=(2)
cfn=(612)
calls=1 0 
0 50
0 5
cob=(2)
cfi=(2)
cfn=(612)
calls=1 0 
0 50
0 5
cob=(2)
cfi=(2)
cfn=(612)
calls=1 0 
0 50
0 4
cob=(2)
cfi=(2)
cfn=(612)
calls=1 0 
0 57
fi=(52) /home/jeff/.cargo/registry/src/github.com-1ecc6299db9ec823/rand_chacha-0.3.1/src/chacha.rs
157 3
fi=(24)
3160 1
fi=(53)
107 2
+86 1
cfn=(798)
calls=1 -25 
* 221
* 1
0 1
fi=(57)
346 1
0 2
347 1
cfi=(13)
cfn=(808)
calls=1 2374 
* 6
fi=(58) /home/jeff/.cargo/registry/src/github.com-1ecc6299db9ec823/rand_core-0.6.4/src/block.rs
150 17
-3 6
fi=(52)
+11 8
fi=(82) /home/jeff/.cargo/registry/src/github.com-1ecc6299db9ec823/rand-0.8.5/src/rngs/std.rs
-95 9
fe=(18)
-6 24000
fi=(26) /rustc/84c898d65adf2f39a5a98507f1fe0ce10a2b8dbc/library/core/src/option.rs
698 12000
fi=(59) /rustc/84c898d65adf2f39a5a98507f1fe0ce10a2b8dbc/library/core/src/iter/adapters/flatten.rs
-3 12000
fi=(26)
+3 1
fi=(59)
-3 24001
0 4001
fi=(65) /rustc/84c898d65adf2f39a5a98507f1fe0ce10a2b8dbc/library/core/src/iter/adapters/fuse.rs
337 4001
fi=(60)
479 8000
fe=(18)
0 20000
fi=(58)
205 24000
+2 23250
-7 23250
fi=(63) /home/jeff/.cargo/registry/src/github.com-1ecc6299db9ec823/rand-0.8.5/src/distributions/uniform.rs
942 11625
fi=(83) /home/jeff/.cargo/registry/src/github.com-1ecc6299db9ec823/rand-0.8.5/src/distributions/float.rs
102 11625
fi=(30)
1132 11625
fi=(63)
946 11625
+4 23250
fi=(84) /home/jeff/.cargo/registry/src/github.com-1ecc6299db9ec823/rand-0.8.5/src/distributions/utils.rs
315 11625
fi=(63)
953 11625
-11 375
fi=(83)
102 375
fi=(30)
1132 375
fi=(63)
946 375
+4 750
fi=(84)
315 375
fi=(63)
953 375
fi=(58)
206 24000
+4 375
fi=(61)
85 1125
cfi=(57)
cfn=(820)
calls=375 250 
* 225750
fi=(58)
+92 750
+23 750
0 1126
fe=(18)
243 7
0 1
fi=(37) /rustc/84c898d65adf2f39a5a98507f1fe0ce10a2b8dbc/library/std/src/io/mod.rs
1683 2
+1 12
cfi=(27)
cfn=(694) core::fmt::write
calls=1 1218 
* 455
0 1
1684 2
fi=(15)
490 3
fi=(12)
0 4004
fi=(28)
136 12000
fe=(18)
245 112000
fi=(37)
1683 12000
+1 48000
cfi=(27)
cfn=(694)
calls=4000 1218 
* 9719750
0 4000
1684 8000
fi=(15)
490 8000
fi=(12)
0 4005
fi=(28)
136 12000
fe=(18)
248 16000
0 4000
248 96000
fi=(37)
1683 12000
+1 48000
cfi=(27)
cfn=(694)
calls=4000 1218 
* 9347334
0 4000
1684 8000
fi=(15)
490 8000
fi=(12)
0 6
fi=(28)
136 16000
fe=(18)
251 112000
fi=(37)
1683 12000
+1 44000
cfi=(27)
cfn=(694)
calls=4000 1218 
* 4685470
0 4000
1684 8000
fi=(15)
490 8000
fi=(12)
0 4006
fi=(28)
136 16000
fe=(18)
255 16000
0 4000
255 96000
fi=(37)
1683 12000
+1 48000
cfi=(27)
cfn=(694)
calls=4000 1218 
* 4678030
0 4000
1684 8000
fi=(15)
490 8000
fi=(12)
0 6
fe=(18)
265 1
+10 1
fi=(85) /rustc/84c898d65adf2f39a5a98507f1fe0ce10a2b8dbc/library/core/src/iter/traits/accum.rs
109 1
fe=(18)
265 1
+10 1
fi=(85)
109 3
fe=(18)
265 1
fi=(85)
109 1
fe=(18)
265 1
+10 1
fi=(85)
109 1
fe=(18)
265 1
+10 1
fi=(85)
109 3
fe=(18)
265 1
fi=(85)
109 1
fi=(28)
+27 3
fe=(18)
265 1999
+10 1999
fi=(85)
109 1999
fe=(18)
265 1999
+10 1999
fi=(85)
109 5997
fe=(18)
265 1999
fi=(85)
109 1999
fe=(18)
265 1999
+10 1999
fi=(85)
109 1999
fe=(18)
265 1999
+10 1999
fi=(85)
109 5997
fe=(18)
265 1999
fi=(85)
109 1999
fi=(28)
+27 5997
fe=(18)
266 1
0 1
267 1
fi=(19)
+98 1
fe=(18)
-97 5
0 4001
fi=(65)
337 28001
0 4000
fe=(18)
269 12000
fi=(26)
698 4000
fi=(59)
-3 4000
fi=(65)
0 8000
fe=(18)
269 24000
fi=(26)
698 8000
fi=(59)
-3 8000
fi=(26)
+3 1
fi=(59)
-3 28001
0 6
fe=(18)
66 49371
+1 154
fi=(27)
405 98
fe=(18)
67 28
cfi=(20)
cfn=(672)
calls=14 1073 
* 7362
-67 28
68 14
-68 14106
229 42234
fi=(37)
1683 21117
+1 70390
cfi=(27)
cfn=(694)
calls=7039 1218 
* 3276132
fe=(18)
0 14
229 84
fi=(37)
1683 42
+1 140
cfi=(27)
cfn=(694)
calls=14 1218 
* 6513
0 7053
1684 14106
fi=(15)
490 14106
fe=(18)
0 35265
fi=(28)
136 84636000
fe=(18)
+95 761724000
fi=(37)
1683 84636000
+1 338544000
cfi=(27)
cfn=(694)
calls=28212000 1218 
* 70297047937
0 28212000
1684 56424000
fi=(15)
490 56424000
fi=(12)
0 84741795
fi=(86) /rustc/84c898d65adf2f39a5a98507f1fe0ce10a2b8dbc/library/core/src/ops/arith.rs
345 84636000
0 84636000
345 84636000
fe=(18)
86 507816000
-86 169272000
fi=(26)
698 84636000
fi=(59)
-3 84636000
fi=(26)
+3 7053
fi=(59)
-3 169279053
fi=(26)
+3 56424000
fi=(59)
-3 56424000
0 28219053
fi=(65)
337 197491053
fi=(26)
698 28212000
fi=(59)
-3 197469894
fi=(26)
+3 56424000
fi=(59)
-3 56424000
0 28212000
fi=(65)
337 225696000
fi=(26)
698 28212000
fi=(59)
-3 197469894
0 28212000
fi=(65)
337 197484000
0 28226106
fi=(28)
136 63477
fi=(19)
-86 7053
cob=(3)
cfi=(3)
cfn=(670)
calls=7053 -50 
* 21159
fi=(28)
+86 126890523
fi=(19)
-86 14098947
cob=(3)
cfi=(3)
cfn=(670)
calls=14098947 -50 
* 42296841
* 56424000
cob=(3)
cfi=(3)
cfn=(670)
calls=14106000 -50 
* 42318000
* 28212000
fe=(18)
+40 70530000
fi=(28)
+46 56424000
fi=(19)
-86 14106000
cob=(3)
cfi=(3)
cfn=(670)
calls=14106000 -50 
* 42318000
* 56424000
cob=(3)
cfi=(3)
cfn=(670)
calls=14106000 -50 
* 42318000
* 28212000
fe=(18)
+40 70530000
fi=(28)
+46 56424000
fi=(19)
-86 14106000
cob=(3)
cfi=(3)
cfn=(670)
calls=14106000 -50 
* 42318000
* 56424000
cob=(3)
cfi=(3)
cfn=(670)
calls=14106000 -50 
* 42318000
* 42318000
fe=(18)
+40 169272000
fi=(60)
479 42318000
fe=(18)
91 35265
cob=(2)
cfi=(2)
cfn=(560)
calls=7053 -91 
* 676918728
* 35265
cob=(2)
cfi=(2)
cfn=(612)
calls=7053 -91 
* 352650
* 28212
cob=(2)
cfi=(2)
cfn=(612)
calls=7053 -91 
* 352650
* 28212
cob=(2)
cfi=(2)
cfn=(612)
calls=7053 -91 
* 402021
* 28212
cob=(2)
cfi=(2)
cfn=(612)
calls=7053 -91 
* 352650
* 28212
cob=(2)
cfi=(2)
cfn=(612)
calls=7053 -91 
* 352650
* 28212
cob=(2)
cfi=(2)
cfn=(612)
calls=7053 -91 
* 352650
* 28212
cob=(2)
cfi=(2)
cfn=(612)
calls=7053 -91 
* 352650
* 28212
cob=(2)
cfi=(2)
cfn=(612)
calls=7053 -91 
* 402021
* 28212
cob=(2)
cfi=(2)
cfn=(612)
calls=7053 -91 
* 352650
* 28212
cob=(2)
cfi=(2)
cfn=(612)
calls=7053 -91 
* 352650
* 28212
cob=(2)
cfi=(2)
cfn=(612)
calls=7053 -91 
* 402021
* 28212
cob=(2)
cfi=(2)
cfn=(612)
calls=7053 -91 
* 352650
* 28212
cob=(2)
cfi=(2)
cfn=(612)
calls=7053 -91 
* 352650
* 28212
cob=(2)
cfi=(2)
cfn=(612)
calls=7053 -91 
* 352650
* 28212
cob=(2)
cfi=(2)
cfn=(612)
calls=7053 -91 
* 352650
* 28212
cob=(2)
cfi=(2)
cfn=(612)
calls=7053 -91 
* 402021
* 28212
cob=(2)
cfi=(2)
cfn=(612)
calls=7053 -91 
* 352650
* 28212
cob=(2)
cfi=(2)
cfn=(612)
calls=7053 -91 
* 352650
* 28212
cob=(2)
cfi=(2)
cfn=(612)
calls=7053 -91 
* 402021
* 28212
cob=(2)
cfi=(2)
cfn=(612)
calls=7053 -91 
* 352650
* 28212
cob=(2)
cfi=(2)
cfn=(612)
calls=7053 -91 
* 352650
* 28212
cob=(2)
cfi=(2)
cfn=(612)
calls=7053 -91 
* 352650
* 28212
cob=(2)
cfi=(2)
cfn=(612)
calls=7053 -91 
* 352650
* 28212
cob=(2)
cfi=(2)
cfn=(612)
calls=7053 -91 
* 402021
* 28212
cob=(2)
cfi=(2)
cfn=(612)
calls=7053 -91 
* 352650
* 28212
cob=(2)
cfi=(2)
cfn=(612)
calls=7053 -91 
* 352650
* 28212
cob=(2)
cfi=(2)
cfn=(612)
calls=7053 -91 
* 402021
* 28212
cob=(2)
cfi=(2)
cfn=(612)
calls=7053 -91 
* 352650
* 28212
cob=(2)
cfi=(2)
cfn=(612)
calls=7053 -91 
* 352650
* 28212
cob=(2)
cfi=(2)
cfn=(612)
calls=7053 -91 
* 352650
* 28212
cob=(2)
cfi=(2)
cfn=(612)
calls=7053 -91 
* 352650
* 28212
cob=(2)
cfi=(2)
cfn=(612)
calls=7053 -91 
* 402021
* 28212
cob=(2)
cfi=(2)
cfn=(612)
calls=7053 -91 
* 352650
* 28212
cob=(2)
cfi=(2)
cfn=(612)
calls=7053 -91 
* 352650
* 28212
cob=(2)
cfi=(2)
cfn=(612)
calls=7053 -91 
* 402021
* 28212
cob=(2)
cfi=(2)
cfn=(612)
calls=7053 -91 
* 352650
* 28212
cob=(2)
cfi=(2)
cfn=(612)
calls=7053 -91 
* 352650
* 28212
cob=(2)
cfi=(2)
cfn=(612)
calls=7053 -91 
* 352650
* 28212
cob=(2)
cfi=(2)
cfn=(612)
calls=7053 -91 
* 352650
* 28212
cob=(2)
cfi=(2)
cfn=(612)
calls=7053 -91 
* 402021
* 28212
cob=(2)
cfi=(2)
cfn=(612)
calls=7053 -91 
* 352650
* 28212
cob=(2)
cfi=(2)
cfn=(612)
calls=7053 -91 
* 352650
* 28212
cob=(2)
cfi=(2)
cfn=(612)
calls=7053 -91 
* 402021
* 28212
cob=(2)
cfi=(2)
cfn=(612)
calls=7053 -91 
* 352650
* 28212
cob=(2)
cfi=(2)
cfn=(612)
calls=7053 -91 
* 352650
* 28212
cob=(2)
cfi=(2)
cfn=(612)
calls=7053 -91 
* 352650
* 28212
cob=(2)
cfi=(2)
cfn=(612)
calls=7053 -91 
* 352650
* 28212
cob=(2)
cfi=(2)
cfn=(612)
calls=7053 -91 
* 402021
* 28212
cob=(2)
cfi=(2)
cfn=(612)
calls=7053 -91 
* 352650
* 28212
cob=(2)
cfi=(2)
cfn=(612)
calls=7053 -91 
* 352650
* 28212
cob=(2)
cfi=(2)
cfn=(612)
calls=7053 -91 
* 402021
* 28212
cob=(2)
cfi=(2)
cfn=(612)
calls=7053 -91 
* 352650
* 28212
cob=(2)
cfi=(2)
cfn=(612)
calls=7053 -91 
* 352650
* 28212
cob=(2)
cfi=(2)
cfn=(612)
calls=7053 -91 
* 352650
* 28212
cob=(2)
cfi=(2)
cfn=(612)
calls=7053 -91 
* 352650
* 28212
cob=(2)
cfi=(2)
cfn=(612)
calls=7053 -91 
* 402021
* 28212
cob=(2)
cfi=(2)
cfn=(612)
calls=7053 -91 
* 352650
* 28212
cob=(2)
cfi=(2)
cfn=(612)
calls=7053 -91 
* 352650
* 28212
cob=(2)
cfi=(2)
cfn=(612)
calls=7053 -91 
* 402021
* 28212
cob=(2)
cfi=(2)
cfn=(612)
calls=7053 -91 
* 352650
* 28212
cob=(2)
cfi=(2)
cfn=(612)
calls=7053 -91 
* 352650
* 28212
cob=(2)
cfi=(2)
cfn=(612)
calls=7053 -91 
* 352650
* 28212
cob=(2)
cfi=(2)
cfn=(612)
calls=7053 -91 
* 352650
* 28212
cob=(2)
cfi=(2)
cfn=(612)
calls=7053 -91 
* 402021
* 28212
cob=(2)
cfi=(2)
cfn=(612)
calls=7053 -91 
* 352650
* 28212
cob=(2)
cfi=(2)
cfn=(612)
calls=7053 -91 
* 352650
* 28212
cob=(2)
cfi=(2)
cfn=(612)
calls=7053 -91 
* 402021
* 28212
cob=(2)
cfi=(2)
cfn=(612)
calls=7053 -91 
* 352650
* 28212
cob=(2)
cfi=(2)
cfn=(612)
calls=7053 -91 
* 352650
* 28212
cob=(2)
cfi=(2)
cfn=(612)
calls=7053 -91 
* 352650
* 28212
cob=(2)
cfi=(2)
cfn=(612)
calls=7053 -91 
* 352650
* 28212
cob=(2)
cfi=(2)
cfn=(612)
calls=7053 -91 
* 402021
* 28212
cob=(2)
cfi=(2)
cfn=(612)
calls=7053 -91 
* 352650
* 28212
cob=(2)
cfi=(2)
cfn=(612)
calls=7053 -91 
* 352650
* 28212
cob=(2)
cfi=(2)
cfn=(612)
calls=7053 -91 
* 402021
* 28212
cob=(2)
cfi=(2)
cfn=(612)
calls=7053 -91 
* 352650
* 28212
cob=(2)
cfi=(2)
cfn=(612)
calls=7053 -91 
* 352650
* 28212
cob=(2)
cfi=(2)
cfn=(612)
calls=7053 -91 
* 352650
* 28212
cob=(2)
cfi=(2)
cfn=(612)
calls=7053 -91 
* 352650
* 28212
cob=(2)
cfi=(2)
cfn=(612)
calls=7053 -91 
* 402021
* 28212
cob=(2)
cfi=(2)
cfn=(612)
calls=7053 -91 
* 352650
* 28212
cob=(2)
cfi=(2)
cfn=(612)
calls=7053 -91 
* 352650
* 28212
cob=(2)
cfi=(2)
cfn=(612)
calls=7053 -91 
* 402021
* 28212
cob=(2)
cfi=(2)
cfn=(612)
calls=7053 -91 
* 352650
* 28212
cob=(2)
cfi=(2)
cfn=(612)
calls=7053 -91 
* 352650
* 28212
cob=(2)
cfi=(2)
cfn=(612)
calls=7053 -91 
* 352650
* 28212
cob=(2)
cfi=(2)
cfn=(612)
calls=7053 -91 
* 352650
* 28212
cob=(2)
cfi=(2)
cfn=(612)
calls=7053 -91 
* 402021
* 28212
cob=(2)
cfi=(2)
cfn=(612)
calls=7053 -91 
* 352650
* 28212
cob=(2)
cfi=(2)
cfn=(612)
calls=7053 -91 
* 352650
* 28212
cob=(2)
cfi=(2)
cfn=(612)
calls=7053 -91 
* 402021
* 28212
cob=(2)
cfi=(2)
cfn=(612)
calls=7053 -91 
* 352650
* 28212
cob=(2)
cfi=(2)
cfn=(612)
calls=7053 -91 
* 352650
* 28212
cob=(2)
cfi=(2)
cfn=(612)
calls=7053 -91 
* 352650
* 28212
cob=(2)
cfi=(2)
cfn=(612)
calls=7053 -91 
* 352650
* 28212
cob=(2)
cfi=(2)
cfn=(612)
calls=7053 -91 
* 402021
* 28212
cob=(2)
cfi=(2)
cfn=(612)
calls=7053 -91 
* 352650
* 28212
cob=(2)
cfi=(2)
cfn=(612)
calls=7053 -91 
* 352650
* 28212
cob=(2)
cfi=(2)
cfn=(612)
calls=7053 -91 
* 402021
* 28212
cob=(2)
cfi=(2)
cfn=(612)
calls=7053 -91 
* 352650
* 28212
cob=(2)
cfi=(2)
cfn=(612)
calls=7053 -91 
* 352650
* 28212
cob=(2)
cfi=(2)
cfn=(612)
calls=7053 -91 
* 352650
* 28212
cob=(2)
cfi=(2)
cfn=(612)
calls=7053 -91 
* 352650
* 28212
cob=(2)
cfi=(2)
cfn=(612)
calls=7053 -91 
* 402021
* 28212
cob=(2)
cfi=(2)
cfn=(612)
calls=7053 -91 
* 352650
* 28212
cob=(2)
cfi=(2)
cfn=(612)
calls=7053 -91 
* 352650
* 28212
cob=(2)
cfi=(2)
cfn=(612)
calls=7053 -91 
* 402021
* 28212
cob=(2)
cfi=(2)
cfn=(612)
calls=7053 -91 
* 352650
* 28212
cob=(2)
cfi=(2)
cfn=(612)
calls=7053 -91 
* 352650
* 28212
cob=(2)
cfi=(2)
cfn=(612)
calls=7053 -91 
* 352650
* 28212
cob=(2)
cfi=(2)
cfn=(612)
calls=7053 -91 
* 352650
* 28212
cob=(2)
cfi=(2)
cfn=(612)
calls=7053 -91 
* 402021
* 28212
cob=(2)
cfi=(2)
cfn=(612)
calls=7053 -91 
* 352650
* 28212
cob=(2)
cfi=(2)
cfn=(612)
calls=7053 -91 
* 352650
* 28212
cob=(2)
cfi=(2)
cfn=(612)
calls=7053 -91 
* 402021
* 28212
cob=(2)
cfi=(2)
cfn=(612)
calls=7053 -91 
* 352650
* 28212
cob=(2)
cfi=(2)
cfn=(612)
calls=7053 -91 
* 352650
* 28212
cob=(2)
cfi=(2)
cfn=(612)
calls=7053 -91 
* 352650
* 28212
cob=(2)
cfi=(2)
cfn=(612)
calls=7053 -91 
* 352650
* 28212
cob=(2)
cfi=(2)
cfn=(612)
calls=7053 -91 
* 402021
* 28212
cob=(2)
cfi=(2)
cfn=(612)
calls=7053 -91 
* 352650
* 28212
cob=(2)
cfi=(2)
cfn=(612)
calls=7053 -91 
* 352650
* 28212
cob=(2)
cfi=(2)
cfn=(612)
calls=7053 -91 
* 402021
* 28212
cob=(2)
cfi=(2)
cfn=(612)
calls=7053 -91 
* 352650
* 28212
cob=(2)
cfi=(2)
cfn=(612)
calls=7053 -91 
* 352650
* 28212
cob=(2)
cfi=(2)
cfn=(612)
calls=7053 -91 
* 352650
* 28212
cob=(2)
cfi=(2)
cfn=(612)
calls=7053 -91 
* 352650
* 28212
cob=(2)
cfi=(2)
cfn=(612)
calls=7053 -91 
* 402021
* 28212
cob=(2)
cfi=(2)
cfn=(612)
calls=7053 -91 
* 352650
* 28212
cob=(2)
cfi=(2)
cfn=(612)
calls=7053 -91 
* 352650
* 28212
cob=(2)
cfi=(2)
cfn=(612)
calls=7053 -91 
* 402021
* 28212
cob=(2)
cfi=(2)
cfn=(612)
calls=7053 -91 
* 352650
* 28212
cob=(2)
cfi=(2)
cfn=(612)
calls=7053 -91 
* 352650
* 28212
cob=(2)
cfi=(2)
cfn=(612)
calls=7053 -91 
* 352650
* 28212
cob=(2)
cfi=(2)
cfn=(612)
calls=7053 -91 
* 352650
* 28212
cob=(2)
cfi=(2)
cfn=(612)
calls=7053 -91 
* 402021
* 28212
cob=(2)
cfi=(2)
cfn=(612)
calls=7053 -91 
* 352650
* 28212
cob=(2)
cfi=(2)
cfn=(612)
calls=7053 -91 
* 352650
* 28212
cob=(2)
cfi=(2)
cfn=(612)
calls=7053 -91 
* 402021
* 28212
cob=(2)
cfi=(2)
cfn=(612)
calls=7053 -91 
* 352650
* 28212
cob=(2)
cfi=(2)
cfn=(612)
calls=7053 -91 
* 352650
* 28212
cob=(2)
cfi=(2)
cfn=(612)
calls=7053 -91 
* 352650
* 28212
cob=(2)
cfi=(2)
cfn=(612)
calls=7053 -91 
* 352650
* 28212
cob=(2)
cfi=(2)
cfn=(612)
calls=7053 -91 
* 402021
* 28212
cob=(2)
cfi=(2)
cfn=(612)
calls=7053 -91 
* 352650
* 28212
cob=(2)
cfi=(2)
cfn=(612)
calls=7053 -91 
* 352650
* 28212
cob=(2)
cfi=(2)
cfn=(612)
calls=7053 -91 
* 402021
* 28212
cob=(2)
cfi=(2)
cfn=(612)
calls=7053 -91 
* 352650
* 28212
cob=(2)
cfi=(2)
cfn=(612)
calls=7053 -91 
* 352650
* 28212
cob=(2)
cfi=(2)
cfn=(612)
calls=7053 -91 
* 352650
* 28212
cob=(2)
cfi=(2)
cfn=(612)
calls=7053 -91 
* 352650
* 28212
cob=(2)
cfi=(2)
cfn=(612)
calls=7053 -91 
* 402021
* 28212
cob=(2)
cfi=(2)
cfn=(612)
calls=7053 -91 
* 352650
* 28212
cob=(2)
cfi=(2)
cfn=(612)
calls=7053 -91 
* 352650
* 28212
cob=(2)
cfi=(2)
cfn=(612)
calls=7053 -91 
* 402021
* 28212
cob=(2)
cfi=(2)
cfn=(612)
calls=7053 -91 
* 352650
* 28212
cob=(2)
cfi=(2)
cfn=(612)
calls=7053 -91 
* 352650
* 28212
cob=(2)
cfi=(2)
cfn=(612)
calls=7053 -91 
* 352650
* 28212
cob=(2)
cfi=(2)
cfn=(612)
calls=7053 -91 
* 352650
* 28212
cob=(2)
cfi=(2)
cfn=(612)
calls=7053 -91 
* 402021
fi=(19)
553 14106
cob=(3)
cfi=(3)
cfn=(660)
calls=7053 0 
* 952155
0 7053
fe=(18)
136 7053
fi=(19)
-86 7053
cob=(3)
cfi=(3)
cfn=(670)
calls=7053 -50 
* 21159
fe=(18)
+86 35265
fi=(50)
2054 14106
fe=(18)
138 14106
+3 7053
fi=(11)
+30 14106
0 7053
171 7053
fi=(10) /rustc/84c898d65adf2f39a5a98507f1fe0ce10a2b8dbc/library/core/src/alloc/layout.rs
452 7053
fi=(11)
176 7053
0 7053
fi=(12)
14 14106
cob=(2)
cfi=(2)
cfn=(486)
calls=7053 -14 
* 1473482
fi=(11)
188 14106
0 7053
fi=(49)
1383 7053
fi=(51)
620 28212
fi=(15)
1354 14106
cob=(2)
cfi=(2)
cfn=(612)
calls=7053 0 
* 659901
0 7053
fi=(51)
620 14106
fi=(15)
1354 7053
0 42318
fe=(18)
142 28212
cob=(2)
cfi=(2)
cfn=(612)
calls=7053 0 
* 112967901
0 7053
146 14106
+2 49371
-1 63477
-2 7053
+1 105795
+2 42318
+1 7053
fi=(36)
260 14106
fe=(18)
147 253844523
-2 28204947
+1 423074205
+2 169229682
+1 28204947
fi=(36)
260 56409894
fe=(18)
149 56424000
+1 28212000
fi=(50)
480 28212000
fi=(49)
1383 84636000
fi=(51)
620 28212000
0 7053
fi=(49)
1383 7053
fi=(51)
620 7053
fi=(49)
1383 42318
0 2426213
fe=(18)
154 2419160
0 4838320
fi=(49)
1383 4838320
fi=(51)
620 2419160
0 2419161
fi=(19)
553 4838322
cob=(3)
cfi=(3)
cfn=(660)
calls=2419161 0 
* 326586735
0 2419161
fe=(18)
170 2419161
fi=(19)
50 2419161
cob=(3)
cfi=(3)
cfn=(670)
calls=2419161 -50 
* 7257483
fe=(18)
170 14514966
fi=(50)
2054 4838322
0 2419161
fe=(18)
172 4838322
+2 4838322
0 2419161
172 7257483
+3 7257483
0 4838322
178 4838322
+1 4838322
fi=(49)
1385 2419161
fi=(51)
1004 4838322
0 4838322
fi=(49)
1385 4838322
fi=(51)
1004 2419161
fi=(49)
1385 7257483
-2 4838322
0 2419161
fi=(51)
1008 2419161
0 2419161
1008 2419161
0 77413152
fi=(66) /rustc/84c898d65adf2f39a5a98507f1fe0ce10a2b8dbc/library/core/src/ops/range.rs
547 7257483
fi=(51)
0 195951972
fi=(66)
547 287880060
fi=(49)
1383 183856176
fi=(26)
676 45964044
0 91928088
1090 45964044
0 275784264
fe=(18)
182 45964044
-8 45964044
+8 91928088
fi=(66)
547 21772441
0 21772441
547 21772441
0 14514961
547 29029922
fi=(49)
1383 14514961
0 14514961
1383 14514961
fi=(26)
676 14514961
0 14514961
1090 14514961
0 181437012
fi=(49)
1385 7257480
0 7257480
fi=(66)
547 31449080
fi=(49)
1383 4838320
0 4838320
1383 4838320
fi=(51)
1008 19353280
0 58059840
fe=(18)
182 4838320
-8 4838320
+8 4838320
fi=(51)
0 29029922
fe=(18)
182 14514961
-8 14514961
+8 14514961
0 65317325
182 195951975
0 65317325
183 65317325
-9 65317325
+9 65317325
+1 65317325
-10 65317325
+10 65317325
0 326586625
187 130634650
-4 195951975
+2 195951975
-1 195951975
+1 65317325
0 130634650
188 65317325
0 195951975
189 65317325
0 326586625
191 65317325
0 2089201734
191 696400578
0 6093743224
219 8919944298
0 8919944298
189 8919944298
0 4431778340
189 8863556680
+1 17783500980
0 4431778341
193 13295335023
fi=(68) /rustc/84c898d65adf2f39a5a98507f1fe0ce10a2b8dbc/library/core/src/iter/traits/iterator.rs
2477 8863556682
fe=(18)
195 8863556682
+1 17727113364
fi=(19)
91 4431778341
cob=(3)
cfi=(3)
cfn=(882)
calls=4431778341 -91 
* 76595839543
* 17727113360
cob=(3)
cfi=(3)
cfn=(882)
calls=4431778340 -91 
* 76618864042
* 8863556680
fe=(18)
196 13295335020
0 4431778340
fi=(68)
2477 4431778340
fe=(18)
195 4431778340
0 4431778340
196 4431778340
fi=(19)
91 4431778340
cob=(3)
cfi=(3)
cfn=(882)
calls=4431778340 -91 
* 76611637762
-91 13295335020
fe=(18)
196 8863556680
+79 8863556680
fi=(85)
109 17727113360
fe=(18)
275 8863556680
fi=(85)
109 4431778340
fe=(18)
275 4431778340
-73 8863556680
+1 13295335020
+1 1098994546
+1 1648491819
+1 1098994546
+1 3296983638
+1 1098994546
fi=(86)
345 549497273
fe=(18)
212 2197989092
fi=(86)
345 1098994546
fe=(18)
212 2197989092
+4 3846480911
-8 1098994546
0 2072933077
221 761717902
0 761717902
187 2285153706
0 195951972
fi=(11)
171 7052
+70 7052
fi=(12)
42 14104
cob=(2)
cfi=(2)
cfn=(588)
calls=7052 -42 
* 957502
-42 98728
fi=(67) /rustc/84c898d65adf2f39a5a98507f1fe0ce10a2b8dbc/library/core/src/internal_macros.rs
72 84624000
fi=(86)
+32 84624000
fe=(18)
-4 423120000
0 169248000
fi=(26)
698 84624000
fi=(59)
-3 84624000
fi=(26)
+3 7052
fi=(59)
-3 169255052
fi=(26)
+3 56416000
fi=(59)
-3 56416000
0 28215052
fi=(65)
337 225671052
fi=(26)
698 28208000
fi=(59)
-3 197441896
fi=(26)
+3 56416000
fi=(59)
-3 56416000
0 28208000
fi=(65)
337 225664000
fi=(26)
698 28208000
fi=(59)
-3 197441896
0 28208000
fi=(65)
337 197456000
0 28229156
fi=(68)
2477 14104
fe=(18)
102 7052
fi=(85)
+7 7052
fe=(18)
-7 7052
fi=(85)
+7 7052
fi=(68)
2477 7052
fe=(18)
102 7052
fi=(85)
+7 7052
fi=(68)
2477 7052
fe=(18)
102 7052
fi=(85)
+7 7052
fi=(68)
2477 7052
fe=(18)
102 7052
fi=(85)
+7 7052
fi=(68)
2477 7052
fe=(18)
102 7052
fi=(85)
+7 7052
fi=(28)
+27 21156
fi=(68)
2477 28193896
fe=(18)
102 14096948
fi=(85)
+7 14096948
fe=(18)
-7 14096948
fi=(85)
+7 14096948
fi=(68)
2477 14096948
fe=(18)
102 14096948
fi=(85)
+7 14096948
fi=(68)
2477 14096948
fe=(18)
102 14096948
fi=(85)
+7 14096948
fi=(68)
2477 14096948
fe=(18)
102 14096948
fi=(85)
+7 14096948
fi=(68)
2477 14096948
fe=(18)
102 14096948
fi=(85)
+7 14096948
fi=(28)
+27 42290844
fe=(18)
-32 35260
0 35000
104 5000
0 3000
265 1000
+10 1000
fi=(85)
109 1000
fe=(18)
265 1000
+10 1000
fi=(85)
109 3000
fe=(18)
265 1000
fi=(85)
109 1000
fe=(18)
265 1000
+10 1000
fi=(85)
109 1000
fe=(18)
265 1000
+10 1000
fi=(85)
109 3000
fe=(18)
265 1000
fi=(85)
109 1000
fi=(28)
+27 3000
fe=(18)
265 1999000
+10 1999000
fi=(85)
109 1999000
fe=(18)
265 1999000
+10 1999000
fi=(85)
109 5997000
fe=(18)
265 1999000
fi=(85)
109 1999000
fe=(18)
265 1999000
+10 1999000
fi=(85)
109 1999000
fe=(18)
265 1999000
+10 1999000
fi=(85)
109 5997000
fe=(18)
265 1999000
fi=(85)
109 1999000
fi=(28)
+27 5997000
fe=(18)
266 1000
+1 2000
fi=(19)
+98 5000
0 12000000
fe=(18)
269 36000000
fi=(26)
698 12000000
fi=(59)
-3 12000000
fi=(26)
+3 1000
fi=(59)
-3 24001000
0 4001000
fi=(65)
337 28001000
0 4000000
fe=(18)
108 28208
+1 2051
fi=(40)
1839 8204
+1 22
cfi=(11)
cfn=(890) alloc::raw_vec::RawVec<T,A>::reserve_for_push
calls=11 302 
* 30347
* 11
+3 11
fi=(11)
224 11
fi=(15)
1354 11
fi=(40)
1845 22
-6 33
fi=(11)
224 2040
fi=(15)
1354 2040
fi=(40)
1845 4080
-6 6120
+1 22
cfi=(11)
cfn=(890)
calls=11 302 
* 30591
+3 11
fi=(11)
224 11
0 11
fi=(15)
1354 11
fi=(40)
1845 22
-6 33
fi=(11)
224 2040
0 2040
fi=(15)
1354 2040
fi=(40)
1845 4080
-6 6120
+1 22
cfi=(11)
cfn=(890)
calls=11 302 
* 4941
+3 11
0 66
fi=(11)
224 11
fi=(15)
1354 11
fi=(40)
1845 22
0 22
fi=(49)
1383 11
fi=(51)
620 11
fi=(40)
0 12240
fi=(11)
224 2040
fi=(15)
1354 2040
fi=(40)
1845 4080
0 4080
fi=(49)
1383 2040
fi=(51)
620 2040
fi=(40)
0 10002
fi=(49)
1383 5001
fi=(51)
620 5001
fe=(18)

fl=(37)
fn=(728) <std::io::Write::write_fmt::Adapter<T> as core::fmt::Write>::write_str
1672 2194491768
+1 365748628
fi=(11)
232 365748628
fi=(40)
2062 365748628
fi=(41)
442 365748628
+93 731497256
0 365605567
fi=(60)
479 365605567
fi=(13)
2374 731211134
cob=(2)
cfi=(2)
cfn=(560)
calls=365605567 0 
* 5966941721
fi=(41)
437 365605567
fi=(40)
1377 365605567
0 365605567
fe=(37)
1680 2193633402
fi=(40)
0 143061
fe=(37)
1680 858366
0 143061
fi=(41)
543 429183
cfn=(866)
calls=143061 392 
* 14192587
fe=(37)
1673 286122
-1 266
+1 38
fi=(20)
735 38
fi=(38) /rustc/84c898d65adf2f39a5a98507f1fe0ce10a2b8dbc/library/core/src/cell.rs
1693 76
0 190
fi=(15)
1354 38
fi=(38)
998 38
fi=(39) /rustc/84c898d65adf2f39a5a98507f1fe0ce10a2b8dbc/library/std/src/sys/unix/memchr.rs
19 114
+4 190
cob=(2)
cfi=(2)
cfn=(734) __memrchr_avx2
calls=38 -23 
* 684
* 38
+8 76
-31 36
31 18
fi=(42) /rustc/84c898d65adf2f39a5a98507f1fe0ce10a2b8dbc/library/std/src/io/buffered/linewritershim.rs
257 36
fi=(75)
1604 36
fi=(42)
38 18
259 36
fi=(11)
-27 18
fi=(41)
442 18
+93 36
0 18
fi=(60)
479 36
fi=(13)
2374 36
cob=(2)
cfi=(2)
cfn=(560)
calls=18 0 
* 304
fi=(41)
437 18
fi=(40)
1377 54
0 40
fi=(42)
38 20
fi=(75)
295 20
fi=(26)
1925 20
fi=(42)
38 2
fi=(26)
1926 2
fi=(42)
45 2
fi=(11)
232 2
fi=(41)
442 2
+93 4
0 20
fi=(60)
479 20
fi=(13)
2374 60
cob=(2)
cfi=(2)
cfn=(560)
calls=20 0 
* 344
fi=(41)
437 40
0 18
fi=(11)
232 18
fi=(41)
442 18
+93 36
fi=(42)
0 18
269 18
cfi=(41)
cfn=(746)
calls=18 125 
* 1062
0 18
fi=(48)
2049 18
fi=(42)
269 18
fi=(40)
2062 36
0 72
fi=(11)
232 18
fi=(41)
442 18
+93 36
0 18
fi=(60)
479 18
fi=(13)
2374 36
cob=(2)
cfi=(2)
cfn=(560)
calls=18 0 
* 234
fi=(41)
437 18
fi=(42)
0 36
fi=(15)
1354 54
fi=(42)
0 40
fi=(15)
1354 60
fe=(37)
1680 380

fl=(21) /rustc/84c898d65adf2f39a5a98507f1fe0ce10a2b8dbc/library/std/src/sync/once_lock.rs
fn=(676) std::sync::once_lock::OnceLock<T>::initialize
297 1
fi=(24)
3161 1
fi=(23) /rustc/84c898d65adf2f39a5a98507f1fe0ce10a2b8dbc/library/std/src/sys_common/once/futex.rs
79 1
fi=(22) /rustc/84c898d65adf2f39a5a98507f1fe0ce10a2b8dbc/library/std/src/sync/once.rs
203 1
+4 5
+1 3
cfi=(23)
cfn=(680) std::sys_common::once::futex::Once::call
calls=1 97 
* 99
fe=(21)
321 2

fl=(23)
fn=(680)
97 8
fi=(24)
3161 8
fe=(23)
100 2
0 4
fi=(24)
3276 1
fe=(23)
107 2
+9 3
+8 1
fi=(15)
1157 1
1354 1
fi=(26)
940 2
fi=(12)
14 2
cob=(2)
cfi=(2)
cfn=(486)
calls=1 -14 
* 42
fi=(11)
188 2
fi=(25) /rustc/84c898d65adf2f39a5a98507f1fe0ce10a2b8dbc/library/core/src/mem/maybe_uninit.rs
489 7
fe=(23)
125 2
fi=(24)
3179 1
fe=(23)
59 2
+85 8

fl=(45) /rustc/84c898d65adf2f39a5a98507f1fe0ce10a2b8dbc/library/core/src/fmt/num.rs
fn=(760) core::fmt::num::imp::<impl core::fmt::Display for i32>::fmt
279 42369
+1 14123
+1 28246
-1 14123
+1 42369
-51 28246
+20 14008
+1 70040
-1 14008
fi=(46)
465 14008
fi=(13)
2374 28016
fe=(45)
252 28016
+5 28246
+2 1824
-1 1824
0 14123
249 28361
fi=(46)
465 13211
fi=(13)
2374 26422
fe=(45)
262 13211
fi=(60)
479 39633
fe=(45)
271 13211
+2 79266
cfi=(27)
cfn=(764) core::fmt::Formatter::pad_integral
calls=13211 1384 
* 1415202
fi=(60)
479 2736
fe=(45)
271 912
+2 5472
cfi=(27)
cfn=(764)
calls=912 1384 
* 100350
+15 42369

fl=(47)
fn=(772)
1027 18
-40 12
0 2
987 4
0 2
1012 14
0 8
1028 2
+3 2
+5 2
-5 2
-3 4
+8 10
cob=(2)
cfi=(2)
cfn=(774) open
calls=2 0 
* 70
fi=(43)
285 2
+8 2
fe=(47)
1037 4
fi=(48)
0 2
fe=(47)
1038 16

fl=(20)
fn=(672)
1073 72
+1 162
fi=(24)
3161 18
fi=(23)
79 18
fi=(21)
222 18
fe=(20)
689 108
fi=(24)
3160 18
fi=(87) /rustc/84c898d65adf2f39a5a98507f1fe0ce10a2b8dbc/library/std/src/sync/remutex.rs
100 72
fi=(26)
0 18
fi=(24)
3239 36
fi=(88) /rustc/84c898d65adf2f39a5a98507f1fe0ce10a2b8dbc/library/std/src/sys/unix/locks/futex_mutex.rs
27 18
fi=(24)
3145 54
fi=(87)
0 36
fe=(20)
715 36
fi=(37)
1683 36
+1 198
cfi=(27)
cfn=(694)
calls=18 1218 
* 9991
0 18
1684 36
0 18
fi=(15)
490 36
fe=(20)
716 18
fi=(87)
162 18
+1 18
fi=(24)
3145 36
+34 18
fi=(88)
83 36
fe=(20)
1007 36
+68 90
fi=(21)
225 1
cfn=(676)
calls=1 +72 
* 113
* 1
fe=(20)

fl=(27)
fn=(722)
1554 762156027
+1 169368006
+35 846840030
cfn=(724) core::fmt::Formatter::write_formatted_parts
calls=84684003 +4 
* 17121618994

fn=(766) core::fmt::Formatter::pad_integral::write_prefix
1405 127107
+1 28246
+3 28246
0 14123
1410 84738

fn=(694)
1218 254115648
248 169410432
1222 84705216
+14 28228000
fi=(28)
136 56456000
0 28228000
136 141140000
fe=(27)
1243 28228000
fi=(89) /rustc/84c898d65adf2f39a5a98507f1fe0ce10a2b8dbc/library/core/src/str/mod.rs
181 28228000
fe=(27)
1243 84684000
fi=(89)
181 56456000
fe=(27)
1243 56456000
+1 338736000
cfi=(37)
cfn=(728)
calls=84684000 1672 
* 3530258260
* 169368000
+4 84684000
+16 169368000
+1 169368000
+4 169368000
+15 338736000
0 169368000
1269 169368000
+1 169368000
+14 169368000
0 84684000
1270 169368000
+7 84684000
fi=(46)
465 84684000
fe=(27)
1280 254052000
cfi=(29)
cfn=(698)
calls=84684000 204 
* 60641042361
-32 169368000
fi=(28)
136 169368000
fe=(27)
1249 84684000
fi=(28)
136 197596000
fe=(27)
1225 7072
fi=(28)
136 14144
0 14144
136 28288
fe=(27)
1229 7072
fi=(89)
181 7072
fe=(27)
1229 14126
fi=(89)
181 7054
fe=(27)
1229 7054
+1 28216
cfi=(37)
cfn=(728)
calls=7054 1672 
* 282615
* 14108
+2 42378
cfi=(45)
cfn=(760)
calls=14123 279 
* 2163945
cfi=(29)
cfn=(698)
calls=3 204 
* 2430
* 28252
fi=(28)
136 14126
fe=(27)
1233 14126
fi=(28)
136 35324
fi=(36)
+83 56470144
fe=(27)
1255 28235072
fi=(46)
465 28235072
fe=(27)
1256 141175360
cfi=(37)
cfn=(728)
calls=28235054 1672 
* 1158111219
cfi=(37)
cfn=(728)
calls=18 1672 
* 3490
* 56470144
0 28235072
1260 225880576

fn=(724)
1594 846840030
+13 84684003
fi=(89)
181 84684003
fe=(27)
1607 84684003
+1 18168
cfi=(37)
cfn=(728)
calls=6056 +64 
* 248436
* 24224
+2 84684003
fi=(28)
136 169368006
0 762156027
fe=(27)
1632 505265956
-28 757898934
cfi=(37)
cfn=(728)
calls=252632973 +68 
* 10428430037
cfi=(37)
cfn=(728)
calls=5 +68 
* 478
+29 505265956
0 254026804
fi=(28)
136 508053608
fe=(27)
1611 1267346368
+1 1393826
+3 2787652
+4 2787652
fi=(36)
219 169383
fi=(89)
+1 169383
fi=(64) /rustc/84c898d65adf2f39a5a98507f1fe0ce10a2b8dbc/library/core/src/num/mod.rs
1018 169383
fi=(90) /rustc/84c898d65adf2f39a5a98507f1fe0ce10a2b8dbc/library/core/src/str/traits.rs
255 169383
fe=(27)
1620 846915
cfi=(37)
cfn=(728)
calls=169383 +52 
* 6951580
* 338766
0 84684003
1638 677472024

fn=(764)
1384 141230
+4 28246
1866 14123
1391 84738
1923 14123
1396 14123
0 14123
1413 28246
0 28246
1417 84738
cfn=(766)
calls=14123 -12 
* 282460
* 42369
+1 42369
0 127107
cfi=(37)
cfn=(728)
calls=14108 1672 
0 567861
cfi=(37)
cfn=(728)
calls=15 1672 
0 1450

fl=(11)
fn=(892) alloc::raw_vec::finish_grow
455 297
fi=(48)
842 66
0 33
fe=(11)
468 96
fi=(69) /rustc/84c898d65adf2f39a5a98507f1fe0ce10a2b8dbc/library/alloc/src/alloc.rs
198 60
fe=(11)
0 30
fi=(12)
47 60
fi=(69)
173 6
fi=(12)
13 12
fe=(11)
-13 6
cob=(2)
cfi=(2)
cfn=(486)
calls=3 0 
0 261
0 3
fi=(48)
842 6
fi=(12)
48 90
cob=(2)
cfi=(2)
cfn=(580)
calls=30 -48 
* 63095
fe=(11)
-48 30
fi=(48)
842 60
+1 99
fe=(11)
0 33
480 264

fn=(890)
302 99
fi=(34)
1506 33
fe=(11)
395 33
0 33
399 66
fi=(49)
0 297
fi=(10)
452 66
fe=(11)
241 66
405 30
fi=(34)
604 30
fe=(11)
253 120
-11 3
0 6
405 3
cfn=(892)
calls=3 +50 
* 372
0 60
405 30
cfn=(892)
calls=30 +50 
* 64235
fi=(48)
2049 66
fe=(11)
405 33
-32 33
+1 33
-70 132

fl=(56)
fn=(804)
90 4
+1 1

fl=(8) /rustc/84c898d65adf2f39a5a98507f1fe0ce10a2b8dbc/library/std/src/sys/unix/args.rs
fn=(434) std::sys::unix::args::imp::ARGV_INIT_ARRAY::init_wrapper
125 1

fl=(9)
fn=(626)
305 7
fi=(34)
1506 2
fi=(26)
940 1
fi=(10)
452 1
fi=(11)
176 1
0 4
fi=(12)
13 2
+1 2
cob=(2)
cfi=(2)
cfn=(486)
calls=1 -14 
* 171
* 1
fi=(11)
188 2
fi=(13)
2374 4
cob=(2)
cfi=(2)
cfn=(560)
calls=1 0 
* 15
fi=(14)
44 2
+13 2
-57 3
58 8
+4 4
-5 8
-57 1
fe=(9)
292 3
+2 3
fi=(11)
+72 1
-23 1
fi=(15)
1354 1
fi=(40)
1845 1
fe=(9)
348 2
fi=(40)
1045 2
fi=(11)
0 2
fe=(9)
294 3
+13 8

ob=(2)
fl=(2)
fn=(202) __x86_cacheinfo
0 28

fn=(216) wcsncpy
0 18

fn=(218) memcpy@@GLIBC_2.14
0 66

fn=(226) wcscmp
0 25

fn=(248) memrchr
0 50

fn=(386)
0 47

fn=(446) (below main)
0 9
cfn=(448) _setjmp
calls=1 0 
0 33
0 15
cob=(7)
cfi=(7)
cfn=(454)
calls=1 0 
0 620443803243

fn=(490) tcache_init.part.0
0 13
cfn=(492) _int_malloc
calls=1 0 
0 353
0 99

fn=(494) sysmalloc
0 198
cfn=(496) __glibc_morecore
calls=2 0 
0 100
0 47
cfn=(496)
calls=1 0 
0 27
0 26

fn=(502) alloc_perturb
0 21196

fn=(542) fstat
0 7
cfn=(544) fstatat
calls=1 0 
0 8

fn=(560)
0 6646216140

fn=(206) strpbrk
0 7

fn=(208) strcmp
0 19

fn=(228) stpncpy
0 19

fn=(238) wcscpy
0 16

fn=(242) strncasecmp_l
0 21

fn=(266) memmove
0 44

fn=(268) memchr
0 23

fn=(356) __lll_elision_init
0 11
cob=(4)
cfi=(4)
cfn=(354)
calls=1 0 
0 22
0 4
cob=(4)
cfi=(4)
cfn=(354)
calls=1 0 
0 22
0 4
cob=(4)
cfi=(4)
cfn=(354)
calls=1 0 
0 22
0 4
cob=(4)
cfi=(4)
cfn=(354)
calls=1 0 
0 22
0 4
cob=(4)
cfi=(4)
cfn=(354)
calls=1 0 
0 22
0 10

fn=(388) check_stdfiles_vtables
0 12

fn=(460)
0 40
cfn=(462) __libc_sigaction
calls=5 0 
0 272

fn=(530) getdelim
0 1962
cob=(4)
cfi=(4)
cfn=(578)
calls=1 0 
0 369
0 12
cob=(4)
cfi=(4)
cfn=(558)
calls=1 0 
0 32
0 208
cob=(4)
cfi=(4)
cfn=(558)
calls=52 0 
0 1312
0 169
cfn=(532) __underflow
calls=5 0 
0 665
0 50
cob=(4)
cfi=(4)
cfn=(554)
calls=5 0 
0 135
0 192
cob=(4)
cfi=(4)
cfn=(554)
calls=48 0 
0 2403
0 1105
cob=(4)
cfi=(4)
cfn=(484)
calls=1 0 
0 179
0 246
cfn=(532)
calls=1 0 
0 426
0 6

fn=(534) _IO_file_underflow@@GLIBC_2.2.5
0 166
cfn=(548) _IO_switch_to_get_mode
calls=6 0 
0 150
0 96
cfn=(550) _IO_file_read
calls=6 0 
0 72
0 101
cfn=(536) _IO_doallocbuf
calls=1 0 
0 287
0 4

fn=(652) __pthread_mutex_unlock_usercnt
0 35

fn=(350) getrlimit
0 20

fn=(380) _init_first
0 19
cfn=(382) __init_misc
calls=1 0 
0 74

fn=(424) __cxa_atexit
0 3
cfn=(426) __internal_atexit
calls=1 0 
0 72

fn=(426)
0 18
cfn=(428) __new_exitfn
calls=1 0 
0 34
0 20

fn=(462)
0 272

fn=(468) getpagesize
0 30

fn=(500) brk
0 27

fn=(528) getline
0 192
cfn=(530)
calls=48 0 
0 9471

fn=(538) _IO_file_doallocate
0 23
cfn=(540) _IO_file_stat
calls=1 0 
0 18
0 12
cob=(4)
cfi=(4)
cfn=(484)
calls=1 0 
0 164
0 7
cfn=(546) _IO_setb
calls=1 0 
0 28
0 9

fn=(550)
0 36
cfn=(552) __read_nocancel
calls=6 0 
0 36

fn=(576) ____strtoul_l_internal
0 24590

fn=(582) _int_realloc
0 1546
cfn=(492)
calls=28 0 
0 4252
0 476
cob=(4)
cfi=(4)
cfn=(558)
calls=28 0 
0 51668
0 112
cfn=(584) _int_free
calls=28 0 
0 2475
0 58
cfn=(584)
calls=3 0 
0 324
0 21
cfn=(902) unlink_chunk.constprop.0
calls=3 0 
0 69
0 12

fn=(594) __GI__IO_un_link.part.0
0 14
cfn=(512) __libc_cleanup_push_defer
calls=1 0 
0 13
0 29
cfn=(514) __libc_cleanup_pop_restore
calls=1 0 
0 9
0 18

fn=(598) _IO_unsave_markers
0 10

fn=(612)
0 244539165

fn=(620)
0 74
cfn=(492)
calls=2 0 
0 262
0 68
cob=(4)
cfi=(4)
cfn=(610)
calls=1 0 
0 28

fn=(622)
0 9

fn=(734)
0 684

fn=(210) wcsnlen
0 19

fn=(262) wmemcmp
0 24

fn=(270) strspn
0 7

fn=(272) wcpncpy
0 18

fn=(274) mempcpy
0 22

fn=(452) __sigjmp_save
0 9

fn=(464)
0 12

fn=(466)
0 188
cfn=(468)
calls=4 0 
0 24
0 8

fn=(492)
0 937803
cfn=(902)
calls=1795 0 
0 57440
0 62327
cfn=(902)
calls=1 0 
0 32
0 8
cfn=(502)
calls=1 0 
0 4
0 21192
cfn=(502)
calls=5298 0 
0 21192
0 90044
cfn=(494)
calls=2 0 
0 398
0 10

fn=(518) _IO_file_open
0 26
cfn=(510) _IO_link_in
calls=1 0 
0 18
0 6
cfn=(520) __open_nocancel
calls=1 0 
0 25
0 2

fn=(536)
0 20
cfn=(538)
calls=1 0 
0 261
0 6

fn=(544)
0 8

fn=(552)
0 36

fn=(562) __isoc99_sscanf
0 1152
cfn=(504) _IO_no_init
calls=48 0 
0 2208
0 336
cfn=(564) _IO_str_init_static_internal
calls=48 0 
0 5363
0 528
cfn=(570) __vfscanf_internal
calls=48 0 
0 82810
0 384

fn=(564)
0 672
cob=(4)
cfi=(4)
cfn=(566)
calls=48 0 
0 2099
0 288
cfn=(546)
calls=48 0 
0 1344
0 960

fn=(570)
0 2592
cfn=(512)
calls=48 0 
0 624
0 6336
cfn=(514)
calls=48 0 
0 432
0 7056
cfn=(572) _IO_sputbackc
calls=96 0 
0 1824
0 26952
cfn=(572)
calls=96 0 
0 1824
0 9524
cfn=(574) __strtoul_internal
calls=96 0 
0 24974
0 672

fn=(596) _IO_file_close_it@@GLIBC_2.2.5
0 16
cfn=(598)
calls=1 0 
0 10
0 12
cfn=(600) _IO_file_close
calls=1 0 
0 9
0 9
cfn=(546)
calls=1 0 
0 124
0 6
cfn=(592) _IO_un_link
calls=1 0 
0 4
0 10

fn=(600)
0 3
cfn=(602) __close_nocancel
calls=1 0 
0 6

fn=(214) wcslen
0 19

fn=(220) wcschr
0 50

fn=(244) bcmp
0 48

fn=(250) strchrnul
0 25

fn=(256) wcscat
0 18

fn=(382)
0 13
cob=(4)
cfi=(4)
cfn=(384)
calls=1 0 
0 49
0 12

fn=(422)
0 18
cfn=(424)
calls=1 0 
0 75
0 12
cob=(4)
cfi=(4)
cfn=(442)
calls=1 0 
0 7
0 6
cfn=(446)
calls=1 0 
0 620443803300
0 11
cob=(4)
cfi=(4)
cfn=(430)
calls=1 0 
0 7
0 20
cob=(7)
cfi=(7)
cfn=(436)
calls=1 0 
0 12
0 4
cob=(7)
cfi=(8)
cfn=(434)
calls=1 125 
0 1
0 7

fn=(448)
0 3
cfn=(450) __sigsetjmp
calls=1 0 
0 30

fn=(450)
0 21
cfn=(452)
calls=1 0 
0 9

fn=(456)
0 8

fn=(480) fopen@@GLIBC_2.2.5
0 3
cfn=(482) __fopen_internal
calls=1 0 
0 2190

fn=(522) __GI_strstr
0 18
cob=(4)
cfi=(4)
cfn=(524)
calls=1 0 
0 23
0 16

fn=(546)
0 1403
cob=(4)
cfi=(4)
cfn=(586)
calls=1 0 
0 91
0 2

fn=(574)
0 384
cfn=(576)
calls=96 0 
0 24590

fn=(584)
0 524174
cfn=(902)
calls=7 0 
0 224
0 156089
cfn=(902)
calls=1794 0 
0 40494
0 63404

fn=(588)
0 141160
cfn=(584)
calls=7058 0 
0 781586
0 35290

fn=(616) __pthread_attr_extension
0 8
cob=(4)
cfi=(4)
cfn=(618)
calls=1 0 
0 227
0 6

fn=(624)
0 8
cob=(4)
cfi=(4)
cfn=(586)
calls=1 0 
0 91
0 2
cob=(4)
cfi=(4)
cfn=(586)
calls=1 0 
0 91
0 3

fn=(642)
0 14
cob=(4)
cfi=(4)
cfn=(618)
calls=1 0 
0 209
0 12
cfn=(644) pthread_mutex_lock@@GLIBC_2.2.5
calls=1 0 
0 40
0 5
cfn=(650) pthread_mutex_unlock@@GLIBC_2.2.5
calls=1 0 
0 38
0 11
cob=(4)
cfi=(4)
cfn=(646)
calls=1 0 
0 32
0 5

fn=(204) strnlen
0 50

fn=(212) memset
0 72

fn=(224) rindex
0 25

fn=(232) strncmp
0 21

fn=(236) strcspn
0 7

fn=(252) strcpy
0 17

fn=(278) rawmemchr
0 23

fn=(458)
0 25
cfn=(460)
calls=1 0 
0 82
0 9

fn=(486)
0 211956
cfn=(490)
calls=1 0 
0 465
0 28339
cfn=(492)
calls=7063 0 
0 1185583
0 49442
cfn=(488) ptmalloc_init.part.0
calls=1 0 
0 1120
0 2

fn=(504)
0 539
cfn=(506) _IO_old_init
calls=49 0 
0 1129
0 595

fn=(532)
0 187
cfn=(534)
calls=6 0 
0 876
0 28

fn=(590) fclose@@GLIBC_2.2.5
0 19
cfn=(604) _IO_file_finish@@GLIBC_2.2.5
calls=1 0 
0 29
0 15
cob=(4)
cfi=(4)
cfn=(586)
calls=1 0 
0 91
0 6
cfn=(592)
calls=1 0 
0 87
0 8
cfn=(596)
calls=1 0 
0 200
0 14

fn=(592)
0 8
cfn=(594)
calls=1 0 
0 83

fn=(604)
0 13
cfn=(606) _IO_default_finish
calls=1 0 
0 16

fn=(650)
0 3
cfn=(652)
calls=1 0 
0 35

fn=(748)
0 786832

fn=(346) __libc_early_init
0 8
cfn=(348) __ctype_init
calls=1 0 
0 17
0 7
cfn=(350)
calls=1 0 
0 10
0 30
cfn=(352) __pthread_tunables_init
calls=1 0 
0 66
0 6
cfn=(356)
calls=1 0 
0 147

fn=(428)
0 34

fn=(478) pthread_attr_init@@GLIBC_2.2.5
0 9
cfn=(468)
calls=1 0 
0 6
0 5

fn=(482)
0 11
cob=(4)
cfi=(4)
cfn=(484)
calls=1 0 
0 1769
0 12
cfn=(504)
calls=1 0 
0 55
0 4
cfn=(508) _IO_new_file_init_internal
calls=1 0 
0 95
0 5
cfn=(516) _IO_file_fopen@@GLIBC_2.2.5
calls=1 0 
0 228
0 11

fn=(498) sbrk
0 40
cfn=(500)
calls=1 0 
0 9
0 19
cfn=(500)
calls=2 0 
0 18
0 14

fn=(510)
0 45
cfn=(512)
calls=1 0 
0 13
0 9
cfn=(514)
calls=1 0 
0 9
0 28

fn=(512)
0 650

fn=(540)
0 3
cfn=(542)
calls=1 0 
0 15

fn=(548)
0 150

fn=(572)
0 3648

fn=(614) pthread_attr_setaffinity_np@@GLIBC_2.32
0 17
cfn=(616)
calls=1 0 
0 241
0 8
cob=(4)
cfi=(4)
cfn=(578)
calls=1 0 
0 204
0 9
cob=(4)
cfi=(4)
cfn=(558)
calls=1 0 
0 14
0 1

fn=(644)
0 40

fn=(902)
0 98259

fn=(234) strcasecmp
0 21

fn=(254) strcasecmp_l
0 21

fn=(258) strlen
0 75

fn=(264) stpcpy
0 17

fn=(352)
0 11
cob=(4)
cfi=(4)
cfn=(354)
calls=1 0 
0 22
0 4
cob=(4)
cfi=(4)
cfn=(354)
calls=1 0 
0 23
0 6

fn=(470)
0 9

fn=(472)
0 6

fn=(476)
0 15
cfn=(478)
calls=1 0 
0 20
0 44
cob=(4)
cfi=(4)
cfn=(578)
calls=1 0 
0 204
0 7
cfn=(608) pthread_getaffinity_np@@GLIBC_2.32
calls=1 0 
0 33
0 9
cfn=(614)
calls=1 0 
0 494
0 3
cob=(4)
cfi=(4)
cfn=(586)
calls=1 0 
0 91
0 9
cfn=(480)
calls=1 0 
0 2193
0 6
cfn=(350)
calls=1 0 
0 10
0 5
cfn=(590)
calls=1 0 
0 469
0 313
cfn=(562)
calls=48 0 
0 92781
0 765
cfn=(528)
calls=48 0 
0 9663
0 99
cob=(4)
cfi=(4)
cfn=(586)
calls=1 0 
0 91
0 22

fn=(496)
0 15
cfn=(498)
calls=3 0 
0 100
0 12

fn=(514)
0 450

fn=(526)
0 21

fn=(568)
0 2003

fn=(602)
0 6

fn=(774)
0 70

fn=(222) index
0 19

fn=(230) wmemchr
0 46

fn=(240) strcat
0 17

fn=(246) wmemset
0 20

fn=(260) strncpy
0 19

fn=(276) strncasecmp
0 21

fn=(348)
0 17

fn=(474)
0 3

fn=(488)
0 793
cob=(4)
cfi=(4)
cfn=(354)
calls=1 0 
0 23
0 4
cob=(4)
cfi=(4)
cfn=(354)
calls=1 0 
0 22
0 4
cob=(4)
cfi=(4)
cfn=(354)
calls=1 0 
0 23
0 4
cob=(4)
cfi=(4)
cfn=(354)
calls=1 0 
0 23
0 4
cob=(4)
cfi=(4)
cfn=(354)
calls=1 0 
0 22
0 4
cob=(4)
cfi=(4)
cfn=(354)
calls=1 0 
0 23
0 4
cob=(4)
cfi=(4)
cfn=(354)
calls=1 0 
0 23
0 4
cob=(4)
cfi=(4)
cfn=(354)
calls=1 0 
0 23
0 4
cob=(4)
cfi=(4)
cfn=(354)
calls=1 0 
0 23
0 4
cob=(4)
cfi=(4)
cfn=(354)
calls=1 0 
0 23
0 4
cob=(4)
cfi=(4)
cfn=(354)
calls=1 0 
0 23
0 4
cob=(4)
cfi=(4)
cfn=(354)
calls=1 0 
0 23
0 9

fn=(506)
0 1129

fn=(508)
0 6
cfn=(510)
calls=1 0 
0 86
0 3

fn=(516)
0 74
cfn=(518)
calls=1 0 
0 77
0 6
cfn=(522)
calls=1 0 
0 57
0 14

fn=(520)
0 25

fn=(556)
0 2432

fn=(580)
0 480
cfn=(486)
calls=2 0 
0 354
0 1647
cfn=(582)
calls=31 0 
0 61013
0 372

fn=(606)
0 16

fn=(608)
0 17
cob=(4)
cfi=(4)
cfn=(610)
calls=1 0 
0 13
0 3

ob=(6) /nix/store/5gk8zqasr9hdhm9nhl0y7g0g7bf5lvbc-gcc-12.2.0-libgcc/lib/libgcc_s.so.1
fl=(6) ???
fn=(394) __cpu_indicator_init@GCC_4.8.0
0 42
cfn=(400) has_cpu_feature.part.0.constprop.0
calls=1 0 
0 9
0 18
cfn=(398) set_cpu_feature.constprop.0
calls=1 0 
0 12
0 2
cfn=(400)
calls=1 0 
0 9
0 7
cfn=(400)
calls=1 0 
0 9
0 6
cfn=(398)
calls=1 0 
0 12
0 9
cfn=(400)
calls=1 0 
0 9
0 6
cfn=(400)
calls=1 0 
0 9
0 4
cfn=(400)
calls=1 0 
0 9
0 4
cfn=(398)
calls=1 0 
0 12
0 10
cfn=(396) get_available_features.constprop.0
calls=1 0 
0 441
0 17

fn=(402) 0x00000000000059b0
0 12

fn=(396)
0 217
cfn=(398)
calls=1 0 
0 12
0 9
cfn=(398)
calls=1 0 
0 9
0 3
cfn=(398)
calls=1 0 
0 9
0 9
cfn=(398)
calls=1 0 
0 12
0 6
cfn=(398)
calls=1 0 
0 9
0 3
cfn=(398)
calls=1 0 
0 9
0 3
cfn=(398)
calls=1 0 
0 9
0 31
cfn=(398)
calls=1 0 
0 9
0 6
cfn=(398)
calls=1 0 
0 9
0 12
cfn=(398)
calls=1 0 
0 9
0 3
cfn=(398)
calls=1 0 
0 9
0 3
cfn=(398)
calls=1 0 
0 12
0 9
cfn=(398)
calls=1 0 
0 9
0 1

fn=(398)
0 162

fn=(400)
0 54

ob=(1)
fl=(1)
fn=(10) _dl_sysdep_parse_arguments
0 730

fn=(20) _dl_x86_init_cpu_features
0 5
cfn=(22) init_cpu_features.constprop.0
calls=1 0 
0 7348

fn=(22)
0 63
cfn=(16)
calls=1 0 
0 21
0 8
cfn=(16)
calls=1 0 
0 21
0 7
cfn=(16)
calls=1 0 
0 21
0 15
cfn=(16)
calls=1 0 
0 21
0 7
cfn=(16)
calls=1 0 
0 21
0 10
cfn=(34) __GI___tunable_set_val
calls=1 0 
0 46
0 8
cfn=(34)
calls=1 0 
0 46
0 10
cfn=(34)
calls=1 0 
0 46
0 10
cfn=(34)
calls=1 0 
0 46
0 8
cfn=(34)
calls=1 0 
0 46
0 16
cfn=(16)
calls=1 0 
0 19
0 16
cfn=(16)
calls=1 0 
0 19
0 4
cfn=(16)
calls=1 0 
0 19
0 49
cfn=(28) handle_intel.constprop.0
calls=1 0 
0 450
0 4
cfn=(28)
calls=1 0 
0 494
0 4
cfn=(28)
calls=1 0 
0 521
0 4
cfn=(28)
calls=1 0 
0 469
0 3
cfn=(28)
calls=1 0 
0 461
0 4
cfn=(28)
calls=1 0 
0 441
0 3
cfn=(28)
calls=1 0 
0 442
0 4
cfn=(28)
calls=1 0 
0 485
0 3
cfn=(28)
calls=1 0 
0 486
0 3
cfn=(28)
calls=1 0 
0 512
0 3
cfn=(28)
calls=1 0 
0 513
0 3
cfn=(28)
calls=1 0 
0 819
0 5
cfn=(32) get_common_cache_info.constprop.0
calls=1 0 
0 218
0 24
cfn=(24) get_common_indices.constprop.0
calls=1 0 
0 71
0 14
cfn=(26) update_active.constprop.0
calls=1 0 
0 187
0 75

fn=(70) _dl_hwcaps_split_masked
0 66
cfn=(72) _dl_hwcaps_split
calls=11 0 
0 483
0 6
cfn=(72)
calls=3 0 
0 180
0 106
cfn=(76) _dl_hwcaps_contains
calls=6 0 
0 30
0 34

fn=(96) _dl_dst_count
0 90
cfn=(74) index
calls=10 0 
0 503
0 90

fn=(118) __sigsetjmp
0 184

fn=(154) open_path
0 146
cfn=(82) mempcpy
calls=4 0 
0 84
0 100
cfn=(82)
calls=8 0 
0 104
0 32
cfn=(82)
calls=8 0 
0 104
0 104
cfn=(126) open_verify.constprop.0
calls=8 0 
0 597
0 64
cfn=(52) __minimal_malloc
calls=3 0 
0 75
0 24
cfn=(54) memcpy
calls=3 0 
0 81
0 134
cfn=(156) stat
calls=4 0 
0 64
0 28

fn=(174) _dl_check_map_versions
0 397
cfn=(124) _dl_name_match_p
calls=30 0 
0 3076
0 4557
cfn=(62) strcmp
calls=26 0 
0 1250
0 185
cfn=(62)
calls=1 0 
0 84
0 727
cfn=(50) __minimal_calloc
calls=5 0 
0 208
0 2264
cfn=(176) strncmp
calls=1 0 
0 32
0 2

fn=(280) _dl_protect_relro
0 108
cfn=(282) mprotect
calls=6 0 
0 36
0 12

fn=(326) _dl_find_object_init
0 8
cfn=(330) _dlfo_process_initial
calls=1 0 
0 110
0 4
cfn=(52)
calls=1 0 
0 25
0 8
cfn=(330)
calls=1 0 
0 430
0 9
cfn=(328) _dl_find_object_from_map
calls=1 0 
0 73
0 3
cfn=(332) _dlfo_sort_mappings
calls=1 0 
0 184
0 7

fn=(334) __rtld_malloc_init_real
0 82
cfn=(336) lookup_malloc_symbol
calls=1 0 
0 563
0 5
cfn=(336)
calls=1 0 
0 552
0 5
cfn=(336)
calls=1 0 
0 596
0 5
cfn=(336)
calls=1 0 
0 590
0 11

fn=(338) __rtld_mutex_init
0 12
cfn=(340) _dl_lookup_direct
calls=1 0 
0 253
0 17
cfn=(340)
calls=1 0 
0 255
0 13

fn=(92) strsep
0 1632

fn=(110) strcspn
0 434

fn=(198) do_lookup_x
0 61230
cfn=(200) check_match
calls=229 0 
0 29675
0 4821

fn=(24)
0 71

fn=(46) _dl_next_ld_env_entry
0 956

fn=(66) _dl_important_hwcaps
0 17
cfn=(68) _dl_hwcaps_subdirs_active
calls=1 0 
0 49
0 10
cfn=(70)
calls=1 0 
0 22
0 23
cfn=(70)
calls=2 0 
0 138
0 2
cfn=(70)
calls=1 0 
0 149
0 12
cfn=(52)
calls=1 0 
0 25
0 13
cfn=(72)
calls=1 0 
0 12
0 33
cfn=(70)
calls=2 0 
0 138
0 2
cfn=(70)
calls=1 0 
0 149
0 48
cfn=(78) bcmp
calls=1 0 
0 19
0 21
cfn=(52)
calls=1 0 
0 25
0 14
cfn=(80) copy_hwcaps
calls=1 0 
0 46
0 5
cfn=(80)
calls=1 0 
0 381
0 15

fn=(74)
0 916

fn=(76)
0 30

fn=(134) _dl_debug_update
0 35

fn=(330)
0 220
cfn=(328)
calls=5 0 
0 300
0 20

fn=(124)
0 448
cfn=(62)
calls=56 0 
0 1950
0 643
cfn=(62)
calls=66 0 
0 2424
0 412

fn=(144) _dl_audit_objopen
0 20

fn=(156)
0 24
cfn=(138) fstatat
calls=4 0 
0 40

fn=(180) _dl_tls_static_surplus_init
0 11
cfn=(16)
calls=1 0 
0 21
0 5
cfn=(16)
calls=1 0 
0 21
0 20

fn=(184) _dl_allocate_tls_storage
0 8
cfn=(52)
calls=1 0 
0 25
0 317
cfn=(186) allocate_dtv
calls=1 0 
0 55
0 6

fn=(36) do_tunable_update_val
0 190

fn=(44) __tls_pre_init_tp
0 17

fn=(62)
0 23204

fn=(90) fillin_rpath.isra.0
0 20
cfn=(92)
calls=1 0 
0 801
0 6
cfn=(92)
calls=2 0 
0 831
0 19
cfn=(94) expand_dynamic_string_token
calls=2 0 
0 388
0 10
cfn=(38) strlen
calls=2 0 
0 70
0 38
cfn=(78)
calls=1 0 
0 31
0 10
cfn=(98) __minimal_free
calls=2 0 
0 36
0 8
cfn=(38)
calls=1 0 
0 17
0 7
cfn=(52)
calls=1 0 
0 25
0 9
cfn=(82)
calls=1 0 
0 21
0 34
cfn=(54)
calls=1 0 
0 14
0 27

fn=(112) do_preload
0 17
cfn=(114) _dl_catch_error
calls=1 0 
0 2801
0 11

fn=(140) mmap
0 171

fn=(284) _dl_add_to_slotinfo
0 56

fn=(324) _dl_allocate_tls_init
0 16
cfn=(58) rtld_mutex_dummy
calls=1 0 
0 3
0 94
cfn=(82)
calls=2 0 
0 34
0 10
cfn=(84) memset
calls=2 0 
0 38
0 19
cfn=(58)
calls=1 0 
0 3
0 11

fn=(332)
0 184

fn=(358) _dl_sysdep_start_cleanup
0 2

fn=(360) _dl_audit_activity_nsid
0 9

fn=(366) _dl_init
0 32
cfn=(368) call_init
calls=1 0 
0 35
0 35
cfn=(368)
calls=5 0 
0 1037
0 21
cfn=(368)
calls=1 0 
0 78
0 2

fn=(40) sbrk
0 15

fn=(84)
0 448

fn=(178) init_tls
0 13
cfn=(50)
calls=1 0 
0 36
0 54
cfn=(180)
calls=1 0 
0 78
0 1
cfn=(182) _dl_determine_tlsoffset
calls=1 0 
0 109
0 1
cfn=(184)
calls=1 0 
0 411
0 14
cfn=(188) __tls_init_tp
calls=1 0 
0 73
0 6

fn=(56) _dl_add_to_namespace_list
0 45
cfn=(58)
calls=5 0 
0 15
0 156
cfn=(58)
calls=4 0 
0 12
0 12
cfn=(58)
calls=1 0 
0 3
0 2

fn=(160) _dl_assign_tls_modid
0 10

fn=(336)
0 60
cfn=(196) _dl_lookup_symbol_x
calls=4 0 
0 2137
0 104

fn=(362) _dl_unload_cache
0 7

fn=(80)
0 46
cfn=(82)
calls=2 0 
0 26
0 22
cfn=(70)
calls=2 0 
0 138
0 4
cfn=(70)
calls=2 0 
0 171
0 20

fn=(130) __read_nocancel
0 24

fn=(176)
0 32

fn=(188)
0 33
cfn=(16)
calls=1 0 
0 20
0 20

fn=(4) __rtld_malloc_init_stubs
0 10

fn=(14) _dl_sort_maps_init
0 6
cfn=(16)
calls=1 0 
0 20
0 6

fn=(108) handle_preload_list
0 29
cfn=(112)
calls=1 0 
0 2829
0 6
cfn=(110)
calls=1 0 
0 434
0 8
cfn=(54)
calls=1 0 
0 27
0 11

fn=(172) _dl_check_all_versions
0 49
cfn=(174)
calls=6 0 
0 12782
0 49

fn=(368)
0 185
cob=(4)
cfi=(4)
cfn=(408)
calls=1 0 
0 7
cob=(4)
cfi=(4)
cfn=(390)
calls=1 0 
0 7
cob=(4)
cfi=(4)
cfn=(370)
calls=1 0 
0 7
0 69
cob=(6)
cfi=(6)
cfn=(402)
calls=1 0 
0 12
cob=(2)
cfi=(2)
cfn=(388)
calls=1 0 
0 12
0 16
cob=(3)
cfi=(3)
cfn=(412)
calls=1 0 
0 12
cob=(6)
cfi=(6)
cfn=(394)
calls=1 0 
0 656
cob=(2)
cfi=(2)
cfn=(380)
calls=1 0 
0 93
cob=(5)
cfi=(5)
cfn=(374)
calls=1 0 
0 12
0 62

fn=(18) brk
0 8

fn=(28)
0 336
cfn=(30) intel_check_word.constprop.0
calls=12 0 
0 1215
0 29
cfn=(30)
calls=1 0 
0 20
0 7
cfn=(30)
calls=1 0 
0 265
0 66
cfn=(30)
calls=12 0 
0 4032
0 123

fn=(42) dl_main
0 23
cfn=(44)
calls=1 0 
0 17
0 14
cfn=(46)
calls=1 0 
0 949
0 2
cfn=(46)
calls=1 0 
0 7
0 86
cfn=(48) _dl_new_object
calls=1 0 
0 288
0 13
cfn=(56)
calls=1 0 
0 37
0 205
cfn=(60) _dl_process_pt_gnu_property
calls=1 0 
0 20
0 362
cfn=(62)
calls=1 0 
0 25
0 336
cfn=(6) _dl_setup_hash
calls=1 0 
0 27
0 10
cfn=(64) _dl_init_paths
calls=1 0 
0 5181
0 3
cfn=(100) _dl_debug_initialize
calls=1 0 
0 32
0 50
cfn=(102) _dl_count_modids
calls=1 0 
0 6
0 10
cfn=(104) _dl_debug_state
calls=1 0 
0 2
0 3
cfn=(106) _dl_audit_activity_map
calls=1 0 
0 20
0 12
cfn=(146) access
calls=1 0 
0 9
0 23
cfn=(148) _dl_map_object_deps
calls=1 0 
0 16038
0 123
cfn=(168) _dl_receive_error
calls=1 0 
0 12912
0 133
cfn=(190) _dl_cet_check
calls=1 0 
0 33
0 122
cfn=(194) _dl_relocate_object
calls=5 0 
0 184920
0 24
cfn=(284)
calls=2 0 
0 56
0 20
cfn=(324)
calls=1 0 
0 228
0 10
cfn=(344) _dl_call_libc_early_init
calls=1 0 
0 550
0 1
cfn=(358)
calls=1 0 
0 2
0 3
cfn=(360)
calls=1 0 
0 9
0 2
cfn=(134)
calls=1 0 
0 7
0 2
cfn=(104)
calls=1 0 
0 2
0 1
cfn=(362)
calls=1 0 
0 7
0 121
cfn=(326)
calls=1 0 
0 861
0 3
cfn=(334)
calls=1 0 
0 2409
0 1
cfn=(338)
calls=1 0 
0 550
0 10
cfn=(194)
calls=1 0 
0 1797
0 8
cfn=(178)
calls=1 0 
0 796
0 33
cfn=(108)
calls=1 0 
0 3344
0 7

fn=(104)
0 4

fn=(136) fstat
0 28
cfn=(138)
calls=4 0 
0 32

fn=(150) openaux
0 105
cfn=(122) _dl_map_object
calls=7 0 
0 12345
0 21

fn=(164) _dl_sort_maps
0 149
cfn=(166) dfs_traversal.part.0
calls=5 0 
0 221
0 28
cfn=(54)
calls=1 0 
0 19
0 4

fn=(168)
0 13
cfn=(170) version_check_doit
calls=1 0 
0 12891
0 8

fn=(194)
0 36115
cfn=(196)
calls=222 0 
0 132180
0 11448
cfn=(342) __x86_cpu_features
calls=1 0 
0 6
cob=(3)
cfi=(3)
cfn=(320)
calls=1 0 
0 8
cob=(3)
cfi=(3)
cfn=(318)
calls=1 0 
0 9
cob=(3)
cfi=(3)
cfn=(316)
calls=1 0 
0 9
cob=(3)
cfi=(3)
cfn=(314)
calls=1 0 
0 9
cob=(3)
cfi=(3)
cfn=(312)
calls=1 0 
0 8
cob=(3)
cfi=(3)
cfn=(310)
calls=1 0 
0 6
cob=(3)
cfi=(3)
cfn=(308)
calls=1 0 
0 9
cob=(3)
cfi=(3)
cfn=(306)
calls=1 0 
0 8
cob=(3)
cfi=(3)
cfn=(304)
calls=1 0 
0 9
cob=(3)
cfi=(3)
cfn=(302)
calls=1 0 
0 9
cob=(3)
cfi=(3)
cfn=(300)
calls=1 0 
0 8
cob=(3)
cfi=(3)
cfn=(298)
calls=1 0 
0 9
cob=(3)
cfi=(3)
cfn=(296)
calls=1 0 
0 9
cob=(3)
cfi=(3)
cfn=(294)
calls=1 0 
0 9
cob=(3)
cfi=(3)
cfn=(292)
calls=1 0 
0 9
cob=(3)
cfi=(3)
cfn=(290)
calls=1 0 
0 9
cob=(3)
cfi=(3)
cfn=(288)
calls=1 0 
0 9
cob=(3)
cfi=(3)
cfn=(286)
calls=1 0 
0 9
cob=(2)
cfi=(2)
cfn=(278)
calls=1 0 
0 23
cob=(2)
cfi=(2)
cfn=(276)
calls=1 0 
0 21
cob=(2)
cfi=(2)
cfn=(274)
calls=1 0 
0 22
cob=(2)
cfi=(2)
cfn=(272)
calls=1 0 
0 18
cob=(2)
cfi=(2)
cfn=(270)
calls=1 0 
0 7
cob=(2)
cfi=(2)
cfn=(268)
calls=1 0 
0 23
cob=(2)
cfi=(2)
cfn=(266)
calls=1 0 
0 22
cob=(2)
cfi=(2)
cfn=(264)
calls=1 0 
0 17
cob=(2)
cfi=(2)
cfn=(262)
calls=1 0 
0 24
cob=(2)
cfi=(2)
cfn=(260)
calls=1 0 
0 19
cob=(2)
cfi=(2)
cfn=(258)
calls=1 0 
0 25
cob=(2)
cfi=(2)
cfn=(256)
calls=1 0 
0 18
cob=(2)
cfi=(2)
cfn=(254)
calls=1 0 
0 21
cob=(2)
cfi=(2)
cfn=(252)
calls=1 0 
0 17
cob=(2)
cfi=(2)
cfn=(250)
calls=1 0 
0 25
cob=(2)
cfi=(2)
cfn=(248)
calls=1 0 
0 25
cob=(2)
cfi=(2)
cfn=(246)
calls=2 0 
0 20
cob=(2)
cfi=(2)
cfn=(244)
calls=1 0 
0 24
cob=(2)
cfi=(2)
cfn=(242)
calls=1 0 
0 21
cob=(2)
cfi=(2)
cfn=(240)
calls=1 0 
0 17
cob=(2)
cfi=(2)
cfn=(238)
calls=1 0 
0 16
cob=(2)
cfi=(2)
cfn=(236)
calls=1 0 
0 7
cob=(2)
cfi=(2)
cfn=(234)
calls=1 0 
0 21
cob=(2)
cfi=(2)
cfn=(232)
calls=1 0 
0 21
cob=(2)
cfi=(2)
cfn=(230)
calls=2 0 
0 46
cob=(2)
cfi=(2)
cfn=(228)
calls=1 0 
0 19
cob=(2)
cfi=(2)
cfn=(226)
calls=1 0 
0 25
cob=(2)
cfi=(2)
cfn=(224)
calls=1 0 
0 25
cob=(2)
cfi=(2)
cfn=(222)
calls=1 0 
0 19
cob=(2)
cfi=(2)
cfn=(220)
calls=2 0 
0 50
cob=(2)
cfi=(2)
cfn=(218)
calls=1 0 
0 22
cob=(2)
cfi=(2)
cfn=(216)
calls=1 0 
0 18
cob=(2)
cfi=(2)
cfn=(214)
calls=1 0 
0 19
cob=(2)
cfi=(2)
cfn=(212)
calls=1 0 
0 24
cob=(2)
cfi=(2)
cfn=(210)
calls=1 0 
0 19
cob=(2)
cfi=(2)
cfn=(208)
calls=1 0 
0 19
cob=(2)
cfi=(2)
cfn=(206)
calls=1 0 
0 7
cob=(2)
cfi=(2)
cfn=(204)
calls=2 0 
0 50
cob=(2)
cfi=(2)
cfn=(202)
calls=1 0 
0 28
0 1619
cob=(3)
cfi=(3)
cfn=(322)
calls=1 0 
0 7
cob=(2)
cfi=(2)
cfn=(248)
calls=1 0 
0 25
cob=(2)
cfi=(2)
cfn=(266)
calls=1 0 
0 22
cob=(2)
cfi=(2)
cfn=(244)
calls=1 0 
0 24
cob=(2)
cfi=(2)
cfn=(218)
calls=2 0 
0 44
cob=(2)
cfi=(2)
cfn=(212)
calls=2 0 
0 48
cob=(2)
cfi=(2)
cfn=(258)
calls=2 0 
0 50
0 62
cfn=(280)
calls=6 0 
0 156
0 443
cfn=(196)
calls=6 0 
0 3261
0 188

fn=(196)
0 32607
cfn=(198)
calls=232 0 
0 95726
0 9245

fn=(200)
0 6623
cfn=(62)
calls=121 0 
0 5913
0 5885
cfn=(62)
calls=217 0 
0 10796
0 542
cfn=(62)
calls=3 0 
0 213
0 39
cfn=(62)
calls=3 0 
0 202
0 30

fn=(48)
0 92
cfn=(38)
calls=4 0 
0 174
0 36
cfn=(50)
calls=4 0 
0 172
0 3
cfn=(50)
calls=1 0 
0 42
0 70
cfn=(54)
calls=5 0 
0 74
0 356
cfn=(38)
calls=4 0 
0 252
0 40
cfn=(82)
calls=4 0 
0 116
0 388
cfn=(52)
calls=4 0 
0 100
0 35

fn=(50)
0 132
cfn=(52)
calls=12 0 
0 362

fn=(52)
0 919
cfn=(140)
calls=2 0 
0 18
0 25

fn=(86) decompose_rpath
0 18
cfn=(88) strdup
calls=1 0 
0 139
0 995
cfn=(52)
calls=1 0 
0 25
0 10
cfn=(90)
calls=1 0 
0 2422
0 2
cfn=(98)
calls=1 0 
0 5
0 13

fn=(126)
0 171
cfn=(128) __open_nocancel
calls=9 0 
0 168
0 67
cfn=(130)
calls=4 0 
0 24
0 255
cfn=(158) __pread64_nocancel
calls=1 0 
0 7
0 8

fn=(148)
0 167
cfn=(52)
calls=4 0 
0 100
0 56
cfn=(54)
calls=4 0 
0 44
0 24
cfn=(54)
calls=4 0 
0 44
0 159
cfn=(116) _dl_catch_exception
calls=7 0 
0 12919
0 866
cfn=(96)
calls=7 0 
0 443
0 410
cfn=(52)
calls=1 0 
0 25
0 111
cfn=(164)
calls=1 0 
0 421
0 121
cfn=(162) __libc_scratch_buffer_set_array_size
calls=4 0 
0 80
0 25
cfn=(54)
calls=1 0 
0 19
0 4

fn=(342)
0 6

fn=(648)
0 30

fn=(0) 0x000000000001aa50
0 2
cfn=(2) _dl_start
calls=1 0 
0 321184
0 10
cfn=(366)
calls=1 0 
0 1240
0 3
cob=(7)
cfi=(7)
cfn=(420)
calls=1 0 
0 620443803492

fn=(38)
0 920

fn=(60)
0 100

fn=(64)
0 16
cfn=(66)
calls=1 0 
0 1368
0 3
cfn=(52)
calls=1 0 
0 25
0 13
cfn=(52)
calls=1 0 
0 25
0 24
cfn=(84)
calls=1 0 
0 14
0 12
cfn=(84)
calls=1 0 
0 14
0 25
cfn=(86)
calls=1 0 
0 3629
0 13

fn=(94)
0 27
cfn=(96)
calls=3 0 
0 240
0 27
cfn=(88)
calls=3 0 
0 351

fn=(98)
0 20
cfn=(84)
calls=1 0 
0 18
0 3

fn=(100)
0 32

fn=(114)
0 12
cfn=(116)
calls=1 0 
0 2778
0 11

fn=(132) _dl_map_object_from_fd
0 64
cfn=(134)
calls=4 0 
0 28
0 72
cfn=(48)
calls=4 0 
0 1662
0 946
cfn=(140)
calls=4 0 
0 36
0 284
cfn=(84)
calls=4 0 
0 364
0 284
cfn=(140)
calls=12 0 
0 108
0 1009
cfn=(136)
calls=4 0 
0 60
0 208
cfn=(158)
calls=1 0 
0 7
0 1635
cfn=(60)
calls=4 0 
0 80
0 669
cfn=(142) __GI___close_nocancel
calls=4 0 
0 24
0 48
cfn=(6)
calls=4 0 
0 108
0 95
cfn=(160)
calls=1 0 
0 10
0 12
cfn=(56)
calls=4 0 
0 208
0 56
cfn=(144)
calls=4 0 
0 20
0 128
cfn=(140)
calls=1 0 
0 9
0 23
cfn=(62)
calls=1 0 
0 66
0 13

fn=(182)
0 109

fn=(122)
0 534
cfn=(124)
calls=26 0 
0 2801
0 261
cfn=(62)
calls=9 0 
0 281
0 150
cfn=(74)
calls=4 0 
0 197
0 13
cfn=(94)
calls=1 0 
0 257
0 13
cfn=(126)
calls=1 0 
0 103
0 79
cfn=(132)
calls=4 0 
0 8336
0 18
cfn=(38)
calls=3 0 
0 113
0 48
cfn=(152) cache_rpath
calls=3 0 
0 30
0 18
cfn=(154)
calls=3 0 
0 1741
0 51

fn=(152)
0 30

fn=(328)
0 373

fn=(8) _dl_sysdep_start
0 7
cfn=(10)
calls=1 0 
0 730
0 2
cfn=(12) __GI___tunables_init
calls=1 0 
0 79481
0 1
cfn=(14)
calls=1 0 
0 32
0 2
cfn=(18)
calls=1 0 
0 8
0 1
cfn=(20)
calls=1 0 
0 7353
0 4
cfn=(38)
calls=1 0 
0 17
0 3
cfn=(40)
calls=1 0 
0 15
0 11
cfn=(42)
calls=1 0 
0 232917
0 4

fn=(58)
0 36

fn=(88)
0 24
cfn=(38)
calls=4 0 
0 226
0 12
cfn=(52)
calls=4 0 
0 100
0 36
cfn=(54)
calls=4 0 
0 92

fn=(120) map_doit
0 12
cfn=(122)
calls=1 0 
0 2699
0 3

fn=(142)
0 24

fn=(170)
0 7
cfn=(172)
calls=1 0 
0 12880
0 4

fn=(186)
0 9
cfn=(50)
calls=1 0 
0 36
0 10

fn=(6)
0 162

fn=(128)
0 168

fn=(166)
0 177
cfn=(167) dfs_traversal.part.0'2
calls=1 0 
0 42
0 2

fn=(167)
0 42

fn=(340)
0 133
cfn=(200)
calls=3 0 
0 568
0 42

fn=(344)
0 13
cfn=(340)
calls=1 0 
0 235
0 11
cob=(2)
cfi=(2)
cfn=(346)
calls=1 0 
0 291

fn=(2)
0 526
cfn=(4)
calls=1 0 
0 10
0 9
cfn=(6)
calls=1 0 
0 27
0 9
cfn=(8)
calls=1 0 
0 320588
0 15

fn=(12)
0 79481

fn=(16)
0 635

fn=(32)
0 218

fn=(34)
0 40
cfn=(36)
calls=5 0 
0 190

fn=(68)
0 49

fn=(72)
0 276
cfn=(74)
calls=9 0 
0 216
0 120
cfn=(38)
calls=3 0 
0 51
0 12

fn=(102)
0 6

fn=(106)
0 20

fn=(138)
0 72

fn=(190)
0 2
cfn=(192) dl_cet_check
calls=1 0 
0 31

fn=(192)
0 31

fn=(26)
0 187

fn=(30)
0 5532

fn=(78)
0 50

fn=(116)
0 144
cfn=(118)
calls=8 0 
0 184
0 48
cfn=(150)
calls=7 0 
0 12471
cfn=(120)
calls=1 0 
0 2714
0 136

fn=(146)
0 9

fn=(158)
0 14

fn=(282)
0 36

fn=(444)
0 5

fn=(54)
0 414

fn=(82)
0 489

fn=(162)
0 80

totals: 620444125931
